<?xml version="1.0" encoding="UTF-8"?>
<coverage generated="1614724347807" clover="3.2.0">
  <project timestamp="1614724347807" name="All files">
    <metrics statements="129" coveredstatements="68" conditionals="99" coveredconditionals="52" methods="43" coveredmethods="20" elements="271" coveredelements="140" complexity="0" loc="129" ncloc="129" packages="10" files="17" classes="17"/>
    <package name="components.Alert">
      <metrics statements="2" coveredstatements="2" conditionals="4" coveredconditionals="2" methods="1" coveredmethods="1"/>
      <file name="alert.tsx" path="/Users/rosnovsky/code/30 Rosnovsky/31 Rosnovsky.us/rosnovsky.us/blog/components/Alert/alert.tsx">
        <metrics statements="2" coveredstatements="2" conditionals="4" coveredconditionals="2" methods="1" coveredmethods="1"/>
        <line num="5" count="2" type="stmt"/>
        <line num="6" count="1" type="stmt"/>
      </file>
    </package>
    <package name="components.Covid">
      <metrics statements="40" coveredstatements="23" conditionals="32" coveredconditionals="28" methods="14" coveredmethods="6"/>
      <file name="CovidCard.tsx" path="/Users/rosnovsky/code/30 Rosnovsky/31 Rosnovsky.us/rosnovsky.us/blog/components/Covid/CovidCard.tsx">
        <metrics statements="10" coveredstatements="10" conditionals="8" coveredconditionals="8" methods="3" coveredmethods="3"/>
        <line num="5" count="42" type="stmt"/>
        <line num="7" count="42" type="stmt"/>
        <line num="8" count="84" type="cond" truecount="2" falsecount="0"/>
        <line num="9" count="22" type="stmt"/>
        <line num="10" count="62" type="cond" truecount="4" falsecount="0"/>
        <line num="11" count="29" type="stmt"/>
        <line num="13" count="33" type="stmt"/>
        <line num="17" count="42" type="stmt"/>
        <line num="18" count="42" type="cond" truecount="2" falsecount="0"/>
        <line num="57" count="42" type="stmt"/>
      </file>
      <file name="CovidTracker.tsx" path="/Users/rosnovsky/code/30 Rosnovsky/31 Rosnovsky.us/rosnovsky.us/blog/components/Covid/CovidTracker.tsx">
        <metrics statements="30" coveredstatements="13" conditionals="24" coveredconditionals="20" methods="11" coveredmethods="3"/>
        <line num="8" count="2" type="stmt"/>
        <line num="9" count="4" type="stmt"/>
        <line num="52" count="16" type="stmt"/>
        <line num="53" count="16" type="stmt"/>
        <line num="54" count="16" type="stmt"/>
        <line num="56" count="16" type="stmt"/>
        <line num="57" count="8" type="stmt"/>
        <line num="59" count="16" type="stmt"/>
        <line num="60" count="0" type="stmt"/>
        <line num="64" count="0" type="stmt"/>
        <line num="67" count="0" type="stmt"/>
        <line num="76" count="0" type="stmt"/>
        <line num="78" count="0" type="stmt"/>
        <line num="81" count="16" type="stmt"/>
        <line num="90" count="0" type="stmt"/>
        <line num="95" count="0" type="stmt"/>
        <line num="97" count="0" type="stmt"/>
        <line num="103" count="0" type="stmt"/>
        <line num="104" count="0" type="stmt"/>
        <line num="109" count="0" type="stmt"/>
        <line num="111" count="0" type="stmt"/>
        <line num="121" count="0" type="stmt"/>
        <line num="123" count="0" type="stmt"/>
        <line num="124" count="0" type="stmt"/>
        <line num="125" count="0" type="stmt"/>
        <line num="127" count="0" type="stmt"/>
        <line num="133" count="16" type="cond" truecount="4" falsecount="0"/>
        <line num="134" count="14" type="cond" truecount="2" falsecount="0"/>
        <line num="136" count="10" type="cond" truecount="2" falsecount="0"/>
        <line num="138" count="10" type="stmt"/>
      </file>
    </package>
    <package name="components.Footer">
      <metrics statements="3" coveredstatements="3" conditionals="2" coveredconditionals="2" methods="2" coveredmethods="2"/>
      <file name="footer.tsx" path="/Users/rosnovsky/code/30 Rosnovsky/31 Rosnovsky.us/rosnovsky.us/blog/components/Footer/footer.tsx">
        <metrics statements="3" coveredstatements="3" conditionals="2" coveredconditionals="2" methods="2" coveredmethods="2"/>
        <line num="4" count="2" type="stmt"/>
        <line num="5" count="5" type="stmt"/>
        <line num="15" count="1" type="stmt"/>
      </file>
    </package>
    <package name="components.Header">
      <metrics statements="4" coveredstatements="4" conditionals="4" coveredconditionals="2" methods="2" coveredmethods="2"/>
      <file name="PageMeta.tsx" path="/Users/rosnovsky/code/30 Rosnovsky/31 Rosnovsky.us/rosnovsky.us/blog/components/Header/PageMeta.tsx">
        <metrics statements="2" coveredstatements="2" conditionals="4" coveredconditionals="2" methods="1" coveredmethods="1"/>
        <line num="4" count="1" type="stmt"/>
        <line num="11" count="4" type="stmt"/>
      </file>
      <file name="intro.tsx" path="/Users/rosnovsky/code/30 Rosnovsky/31 Rosnovsky.us/rosnovsky.us/blog/components/Header/intro.tsx">
        <metrics statements="2" coveredstatements="2" conditionals="0" coveredconditionals="0" methods="1" coveredmethods="1"/>
        <line num="1" count="1" type="stmt"/>
        <line num="2" count="4" type="stmt"/>
      </file>
    </package>
    <package name="components.Image">
      <metrics statements="4" coveredstatements="4" conditionals="18" coveredconditionals="9" methods="1" coveredmethods="1"/>
      <file name="CoverImage.tsx" path="/Users/rosnovsky/code/30 Rosnovsky/31 Rosnovsky.us/rosnovsky.us/blog/components/Image/CoverImage.tsx">
        <metrics statements="4" coveredstatements="4" conditionals="18" coveredconditionals="9" methods="1" coveredmethods="1"/>
        <line num="5" count="2" type="stmt"/>
        <line num="7" count="2" type="cond" truecount="1" falsecount="1"/>
        <line num="9" count="2" type="cond" truecount="1" falsecount="1"/>
        <line num="44" count="2" type="stmt"/>
      </file>
    </package>
    <package name="components.Layout">
      <metrics statements="6" coveredstatements="5" conditionals="4" coveredconditionals="2" methods="3" coveredmethods="2"/>
      <file name="container.tsx" path="/Users/rosnovsky/code/30 Rosnovsky/31 Rosnovsky.us/rosnovsky.us/blog/components/Layout/container.tsx">
        <metrics statements="2" coveredstatements="2" conditionals="0" coveredconditionals="0" methods="1" coveredmethods="1"/>
        <line num="1" count="3" type="stmt"/>
        <line num="2" count="19" type="stmt"/>
      </file>
      <file name="layout.tsx" path="/Users/rosnovsky/code/30 Rosnovsky/31 Rosnovsky.us/rosnovsky.us/blog/components/Layout/layout.tsx">
        <metrics statements="4" coveredstatements="3" conditionals="4" coveredconditionals="2" methods="2" coveredmethods="1"/>
        <line num="4" count="1" type="stmt"/>
        <line num="13" count="1" type="stmt"/>
        <line num="14" count="4" type="stmt"/>
        <line num="33" count="0" type="stmt"/>
      </file>
    </package>
    <package name="components.PortableText">
      <metrics statements="35" coveredstatements="8" conditionals="16" coveredconditionals="0" methods="8" coveredmethods="0"/>
      <file name="Code.tsx" path="/Users/rosnovsky/code/30 Rosnovsky/31 Rosnovsky.us/rosnovsky.us/blog/components/PortableText/Code.tsx">
        <metrics statements="5" coveredstatements="1" conditionals="6" coveredconditionals="0" methods="1" coveredmethods="0"/>
        <line num="3" count="2" type="stmt"/>
        <line num="6" count="0" type="cond" truecount="0" falsecount="4"/>
        <line num="7" count="0" type="stmt"/>
        <line num="9" count="0" type="stmt"/>
        <line num="10" count="0" type="stmt"/>
      </file>
      <file name="Figure.tsx" path="/Users/rosnovsky/code/30 Rosnovsky/31 Rosnovsky.us/rosnovsky.us/blog/components/PortableText/Figure.tsx">
        <metrics statements="9" coveredstatements="1" conditionals="8" coveredconditionals="0" methods="1" coveredmethods="0"/>
        <line num="4" count="2" type="stmt"/>
        <line num="5" count="0" type="stmt"/>
        <line num="7" count="0" type="cond" truecount="0" falsecount="2"/>
        <line num="10" count="0" type="stmt"/>
        <line num="18" count="0" type="cond" truecount="0" falsecount="2"/>
        <line num="19" count="0" type="stmt"/>
        <line num="22" count="0" type="cond" truecount="0" falsecount="2"/>
        <line num="23" count="0" type="stmt"/>
        <line num="36" count="0" type="stmt"/>
      </file>
      <file name="InternalLink.tsx" path="/Users/rosnovsky/code/30 Rosnovsky/31 Rosnovsky.us/rosnovsky.us/blog/components/PortableText/InternalLink.tsx">
        <metrics statements="11" coveredstatements="1" conditionals="0" coveredconditionals="0" methods="3" coveredmethods="0"/>
        <line num="7" count="2" type="stmt"/>
        <line num="8" count="0" type="stmt"/>
        <line num="10" count="0" type="stmt"/>
        <line num="11" count="0" type="stmt"/>
        <line num="16" count="0" type="stmt"/>
        <line num="17" count="0" type="stmt"/>
        <line num="18" count="0" type="stmt"/>
        <line num="21" count="0" type="stmt"/>
        <line num="23" count="0" type="stmt"/>
        <line num="29" count="0" type="stmt"/>
        <line num="32" count="0" type="stmt"/>
      </file>
      <file name="serializers.tsx" path="/Users/rosnovsky/code/30 Rosnovsky/31 Rosnovsky.us/rosnovsky.us/blog/components/PortableText/serializers.tsx">
        <metrics statements="10" coveredstatements="5" conditionals="2" coveredconditionals="0" methods="3" coveredmethods="0"/>
        <line num="5" count="2" type="stmt"/>
        <line num="6" count="2" type="stmt"/>
        <line num="7" count="2" type="stmt"/>
        <line num="8" count="2" type="stmt"/>
        <line num="11" count="2" type="stmt"/>
        <line num="16" count="0" type="stmt"/>
        <line num="17" count="0" type="cond" truecount="0" falsecount="2"/>
        <line num="36" count="0" type="stmt"/>
        <line num="38" count="0" type="stmt"/>
        <line num="51" count="0" type="stmt"/>
      </file>
    </package>
    <package name="components.Posts">
      <metrics statements="6" coveredstatements="6" conditionals="0" coveredconditionals="0" methods="3" coveredmethods="3"/>
      <file name="MorePosts.tsx" path="/Users/rosnovsky/code/30 Rosnovsky/31 Rosnovsky.us/rosnovsky.us/blog/components/Posts/MorePosts.tsx">
        <metrics statements="3" coveredstatements="3" conditionals="0" coveredconditionals="0" methods="2" coveredmethods="2"/>
        <line num="4" count="2" type="stmt"/>
        <line num="5" count="2" type="stmt"/>
        <line num="17" count="2" type="stmt"/>
      </file>
      <file name="PostPreview.tsx" path="/Users/rosnovsky/code/30 Rosnovsky/31 Rosnovsky.us/rosnovsky.us/blog/components/Posts/PostPreview.tsx">
        <metrics statements="3" coveredstatements="3" conditionals="0" coveredconditionals="0" methods="1" coveredmethods="1"/>
        <line num="9" count="2" type="stmt"/>
        <line num="18" count="2" type="stmt"/>
        <line num="19" count="2" type="stmt"/>
      </file>
    </package>
    <package name="pages">
      <metrics statements="27" coveredstatements="11" conditionals="19" coveredconditionals="7" methods="8" coveredmethods="2"/>
      <file name="index.tsx" path="/Users/rosnovsky/code/30 Rosnovsky/31 Rosnovsky.us/rosnovsky.us/blog/pages/index.tsx">
        <metrics statements="27" coveredstatements="11" conditionals="19" coveredconditionals="7" methods="8" coveredmethods="2"/>
        <line num="14" count="1" type="stmt"/>
        <line num="23" count="4" type="stmt"/>
        <line num="24" count="4" type="stmt"/>
        <line num="25" count="4" type="stmt"/>
        <line num="26" count="4" type="stmt"/>
        <line num="29" count="4" type="cond" truecount="1" falsecount="1"/>
        <line num="30" count="4" type="stmt"/>
        <line num="31" count="0" type="cond" truecount="0" falsecount="2"/>
        <line num="35" count="0" type="cond" truecount="0" falsecount="4"/>
        <line num="36" count="0" type="stmt"/>
        <line num="42" count="4" type="stmt"/>
        <line num="43" count="4" type="stmt"/>
        <line num="46" count="4" type="stmt"/>
        <line num="47" count="0" type="stmt"/>
        <line num="49" count="0" type="stmt"/>
        <line num="92" count="0" type="cond" truecount="0" falsecount="2"/>
        <line num="93" count="0" type="stmt"/>
        <line num="95" count="0" type="stmt"/>
        <line num="96" count="0" type="stmt"/>
        <line num="97" count="0" type="stmt"/>
        <line num="100" count="0" type="stmt"/>
        <line num="101" count="0" type="stmt"/>
        <line num="102" count="0" type="stmt"/>
        <line num="103" count="0" type="stmt"/>
        <line num="107" count="4" type="stmt"/>
        <line num="162" count="0" type="stmt"/>
        <line num="218" count="0" type="stmt"/>
      </file>
    </package>
    <package name="utils">
      <metrics statements="2" coveredstatements="2" conditionals="0" coveredconditionals="0" methods="1" coveredmethods="1"/>
      <file name="sanity.ts" path="/Users/rosnovsky/code/30 Rosnovsky/31 Rosnovsky.us/rosnovsky.us/blog/utils/sanity.ts">
        <metrics statements="2" coveredstatements="2" conditionals="0" coveredconditionals="0" methods="1" coveredmethods="1"/>
        <line num="5" count="2" type="stmt"/>
        <line num="27" count="4" type="stmt"/>
      </file>
    </package>
  </project>
</coverage>
