{"/Users/rosnovsky/code/30 Rosnovsky/31 Rosnovsky.us/rosnovsky.us/blog/components/Alert/alert.tsx": {"path":"/Users/rosnovsky/code/30 Rosnovsky/31 Rosnovsky.us/rosnovsky.us/blog/components/Alert/alert.tsx","statementMap":{"0":{"start":{"line":5,"column":14},"end":{"line":29,"column":1}},"1":{"start":{"line":6,"column":2},"end":{"line":28,"column":3}}},"fnMap":{"0":{"name":"(anonymous_0)","decl":{"start":{"line":5,"column":14},"end":{"line":5,"column":15}},"loc":{"start":{"line":5,"column":63},"end":{"line":29,"column":1}},"line":5}},"branchMap":{"0":{"loc":{"start":{"line":12,"column":13},"end":{"line":22,"column":13}},"type":"cond-expr","locations":[{"start":{"line":13,"column":14},"end":{"line":19,"column":21}},{"start":{"line":21,"column":14},"end":{"line":21,"column":16}}],"line":12},"1":{"loc":{"start":{"line":14,"column":17},"end":{"line":18,"column":17}},"type":"cond-expr","locations":[{"start":{"line":15,"column":18},"end":{"line":15,"column":65}},{"start":{"line":17,"column":18},"end":{"line":17,"column":59}}],"line":14}},"s":{"0":1,"1":0},"f":{"0":0},"b":{"0":[0,0],"1":[0,0]},"_coverageSchema":"1a1c01bbd47fc00a2c39e90264f33305004495a9","hash":"91593b7af3628dd3f5750dd213d1e89714591b04"}
,"/Users/rosnovsky/code/30 Rosnovsky/31 Rosnovsky.us/rosnovsky.us/blog/components/Covid/CovidCard.tsx": {"path":"/Users/rosnovsky/code/30 Rosnovsky/31 Rosnovsky.us/rosnovsky.us/blog/components/Covid/CovidCard.tsx","statementMap":{"0":{"start":{"line":5,"column":48},"end":{"line":5,"column":53}},"1":{"start":{"line":7,"column":49},"end":{"line":15,"column":3}},"2":{"start":{"line":8,"column":4},"end":{"line":14,"column":5}},"3":{"start":{"line":9,"column":6},"end":{"line":9,"column":46}},"4":{"start":{"line":10,"column":11},"end":{"line":14,"column":5}},"5":{"start":{"line":11,"column":6},"end":{"line":11,"column":45}},"6":{"start":{"line":13,"column":6},"end":{"line":13,"column":48}},"7":{"start":{"line":17,"column":55},"end":{"line":55,"column":3}},"8":{"start":{"line":18,"column":4},"end":{"line":54,"column":5}},"9":{"start":{"line":57,"column":2},"end":{"line":75,"column":3}}},"fnMap":{"0":{"name":"CovidCard","decl":{"start":{"line":4,"column":24},"end":{"line":4,"column":33}},"loc":{"start":{"line":4,"column":52},"end":{"line":76,"column":1}},"line":4},"1":{"name":"(anonymous_1)","decl":{"start":{"line":7,"column":49},"end":{"line":7,"column":50}},"loc":{"start":{"line":7,"column":66},"end":{"line":15,"column":3}},"line":7},"2":{"name":"(anonymous_2)","decl":{"start":{"line":17,"column":55},"end":{"line":17,"column":56}},"loc":{"start":{"line":17,"column":72},"end":{"line":55,"column":3}},"line":17}},"branchMap":{"0":{"loc":{"start":{"line":8,"column":4},"end":{"line":14,"column":5}},"type":"if","locations":[{"start":{"line":8,"column":4},"end":{"line":14,"column":5}},{"start":{"line":8,"column":4},"end":{"line":14,"column":5}}],"line":8},"1":{"loc":{"start":{"line":10,"column":11},"end":{"line":14,"column":5}},"type":"if","locations":[{"start":{"line":10,"column":11},"end":{"line":14,"column":5}},{"start":{"line":10,"column":11},"end":{"line":14,"column":5}}],"line":10},"2":{"loc":{"start":{"line":10,"column":15},"end":{"line":10,"column":49}},"type":"binary-expr","locations":[{"start":{"line":10,"column":15},"end":{"line":10,"column":29}},{"start":{"line":10,"column":33},"end":{"line":10,"column":49}}],"line":10},"3":{"loc":{"start":{"line":18,"column":11},"end":{"line":54,"column":5}},"type":"cond-expr","locations":[{"start":{"line":19,"column":6},"end":{"line":35,"column":9}},{"start":{"line":37,"column":6},"end":{"line":53,"column":9}}],"line":18}},"s":{"0":12,"1":12,"2":24,"3":8,"4":16,"5":12,"6":4,"7":12,"8":12,"9":12},"f":{"0":12,"1":24,"2":12},"b":{"0":[8,16],"1":[12,4],"2":[16,16],"3":[4,8]},"_coverageSchema":"1a1c01bbd47fc00a2c39e90264f33305004495a9","hash":"4d24caeeee8bb834260858ae0a0d3e0ebc7e1699"}
,"/Users/rosnovsky/code/30 Rosnovsky/31 Rosnovsky.us/rosnovsky.us/blog/components/Covid/CovidTracker.tsx": {"path":"/Users/rosnovsky/code/30 Rosnovsky/31 Rosnovsky.us/rosnovsky.us/blog/components/Covid/CovidTracker.tsx","statementMap":{"0":{"start":{"line":7,"column":16},"end":{"line":48,"column":1}},"1":{"start":{"line":8,"column":2},"end":{"line":47,"column":3}},"2":{"start":{"line":51,"column":68},"end":{"line":51,"column":79}},"3":{"start":{"line":52,"column":32},"end":{"line":52,"column":46}},"4":{"start":{"line":53,"column":28},"end":{"line":53,"column":51}},"5":{"start":{"line":55,"column":18},"end":{"line":75,"column":3}},"6":{"start":{"line":56,"column":17},"end":{"line":73,"column":8}},"7":{"start":{"line":60,"column":8},"end":{"line":60,"column":28}},"8":{"start":{"line":63,"column":45},"end":{"line":71,"column":9}},"9":{"start":{"line":72,"column":8},"end":{"line":72,"column":27}},"10":{"start":{"line":74,"column":4},"end":{"line":74,"column":15}},"11":{"start":{"line":77,"column":26},"end":{"line":128,"column":3}},"12":{"start":{"line":86,"column":8},"end":{"line":86,"column":71}},"13":{"start":{"line":91,"column":21},"end":{"line":91,"column":41}},"14":{"start":{"line":93,"column":37},"end":{"line":97,"column":9}},"15":{"start":{"line":99,"column":8},"end":{"line":99,"column":28}},"16":{"start":{"line":100,"column":30},"end":{"line":104,"column":9}},"17":{"start":{"line":105,"column":8},"end":{"line":105,"column":58}},"18":{"start":{"line":107,"column":26},"end":{"line":115,"column":10}},"19":{"start":{"line":117,"column":29},"end":{"line":117,"column":84}},"20":{"start":{"line":119,"column":30},"end":{"line":125,"column":12}},"21":{"start":{"line":120,"column":30},"end":{"line":120,"column":45}},"22":{"start":{"line":121,"column":26},"end":{"line":121,"column":52}},"23":{"start":{"line":123,"column":12},"end":{"line":123,"column":46}},"24":{"start":{"line":124,"column":12},"end":{"line":124,"column":29}},"25":{"start":{"line":130,"column":2},"end":{"line":130,"column":45}},"26":{"start":{"line":130,"column":13},"end":{"line":130,"column":45}},"27":{"start":{"line":131,"column":2},"end":{"line":131,"column":31}},"28":{"start":{"line":131,"column":13},"end":{"line":131,"column":31}},"29":{"start":{"line":133,"column":2},"end":{"line":176,"column":3}}},"fnMap":{"0":{"name":"(anonymous_0)","decl":{"start":{"line":7,"column":16},"end":{"line":7,"column":17}},"loc":{"start":{"line":7,"column":22},"end":{"line":48,"column":1}},"line":7},"1":{"name":"Covid","decl":{"start":{"line":50,"column":24},"end":{"line":50,"column":29}},"loc":{"start":{"line":50,"column":32},"end":{"line":177,"column":1}},"line":50},"2":{"name":"(anonymous_2)","decl":{"start":{"line":55,"column":18},"end":{"line":55,"column":19}},"loc":{"start":{"line":55,"column":41},"end":{"line":75,"column":3}},"line":55},"3":{"name":"(anonymous_3)","decl":{"start":{"line":59,"column":12},"end":{"line":59,"column":13}},"loc":{"start":{"line":59,"column":24},"end":{"line":61,"column":7}},"line":59},"4":{"name":"(anonymous_4)","decl":{"start":{"line":62,"column":12},"end":{"line":62,"column":13}},"loc":{"start":{"line":62,"column":22},"end":{"line":73,"column":7}},"line":62},"5":{"name":"(anonymous_5)","decl":{"start":{"line":85,"column":15},"end":{"line":85,"column":16}},"loc":{"start":{"line":85,"column":24},"end":{"line":87,"column":7}},"line":85},"6":{"name":"(anonymous_6)","decl":{"start":{"line":90,"column":17},"end":{"line":90,"column":18}},"loc":{"start":{"line":90,"column":27},"end":{"line":126,"column":7}},"line":90},"7":{"name":"(anonymous_7)","decl":{"start":{"line":120,"column":16},"end":{"line":120,"column":17}},"loc":{"start":{"line":120,"column":30},"end":{"line":120,"column":45}},"line":120},"8":{"name":"(anonymous_8)","decl":{"start":{"line":121,"column":16},"end":{"line":121,"column":17}},"loc":{"start":{"line":121,"column":26},"end":{"line":121,"column":52}},"line":121},"9":{"name":"(anonymous_9)","decl":{"start":{"line":122,"column":16},"end":{"line":122,"column":17}},"loc":{"start":{"line":122,"column":26},"end":{"line":125,"column":11}},"line":122}},"branchMap":{"0":{"loc":{"start":{"line":108,"column":10},"end":{"line":110,"column":48}},"type":"cond-expr","locations":[{"start":{"line":109,"column":14},"end":{"line":109,"column":49}},{"start":{"line":110,"column":14},"end":{"line":110,"column":48}}],"line":108},"1":{"loc":{"start":{"line":112,"column":10},"end":{"line":114,"column":43}},"type":"cond-expr","locations":[{"start":{"line":113,"column":14},"end":{"line":113,"column":48}},{"start":{"line":114,"column":14},"end":{"line":114,"column":43}}],"line":112},"2":{"loc":{"start":{"line":130,"column":2},"end":{"line":130,"column":45}},"type":"if","locations":[{"start":{"line":130,"column":2},"end":{"line":130,"column":45}},{"start":{"line":130,"column":2},"end":{"line":130,"column":45}}],"line":130},"3":{"loc":{"start":{"line":131,"column":2},"end":{"line":131,"column":31}},"type":"if","locations":[{"start":{"line":131,"column":2},"end":{"line":131,"column":31}},{"start":{"line":131,"column":2},"end":{"line":131,"column":31}}],"line":131},"4":{"loc":{"start":{"line":138,"column":21},"end":{"line":138,"column":55}},"type":"cond-expr","locations":[{"start":{"line":138,"column":31},"end":{"line":138,"column":39}},{"start":{"line":138,"column":42},"end":{"line":138,"column":55}}],"line":138},"5":{"loc":{"start":{"line":139,"column":20},"end":{"line":139,"column":60}},"type":"cond-expr","locations":[{"start":{"line":139,"column":30},"end":{"line":139,"column":36}},{"start":{"line":139,"column":39},"end":{"line":139,"column":60}}],"line":139},"6":{"loc":{"start":{"line":143,"column":21},"end":{"line":143,"column":50}},"type":"cond-expr","locations":[{"start":{"line":143,"column":31},"end":{"line":143,"column":37}},{"start":{"line":143,"column":40},"end":{"line":143,"column":50}}],"line":143},"7":{"loc":{"start":{"line":144,"column":20},"end":{"line":144,"column":55}},"type":"cond-expr","locations":[{"start":{"line":144,"column":30},"end":{"line":144,"column":34}},{"start":{"line":144,"column":37},"end":{"line":144,"column":55}}],"line":144},"8":{"loc":{"start":{"line":148,"column":21},"end":{"line":148,"column":66}},"type":"cond-expr","locations":[{"start":{"line":148,"column":31},"end":{"line":148,"column":37}},{"start":{"line":148,"column":40},"end":{"line":148,"column":66}}],"line":148},"9":{"loc":{"start":{"line":150,"column":14},"end":{"line":152,"column":73}},"type":"cond-expr","locations":[{"start":{"line":151,"column":18},"end":{"line":151,"column":23}},{"start":{"line":152,"column":18},"end":{"line":152,"column":73}}],"line":150}},"s":{"0":1,"1":0,"2":4,"3":4,"4":4,"5":4,"6":0,"7":0,"8":0,"9":0,"10":0,"11":4,"12":0,"13":0,"14":0,"15":0,"16":0,"17":0,"18":0,"19":0,"20":0,"21":0,"22":0,"23":0,"24":0,"25":4,"26":0,"27":4,"28":0,"29":4},"f":{"0":0,"1":4,"2":0,"3":0,"4":0,"5":0,"6":0,"7":0,"8":0,"9":0},"b":{"0":[0,0],"1":[0,0],"2":[0,4],"3":[0,4],"4":[4,0],"5":[4,0],"6":[4,0],"7":[4,0],"8":[4,0],"9":[4,0]},"_coverageSchema":"1a1c01bbd47fc00a2c39e90264f33305004495a9","hash":"41c101dcad3fdf7a9c2178058e9f3cdbe1b3b612"}
,"/Users/rosnovsky/code/30 Rosnovsky/31 Rosnovsky.us/rosnovsky.us/blog/components/Footer/footer.tsx": {"path":"/Users/rosnovsky/code/30 Rosnovsky/31 Rosnovsky.us/rosnovsky.us/blog/components/Footer/footer.tsx","statementMap":{"0":{"start":{"line":4,"column":15},"end":{"line":98,"column":1}},"1":{"start":{"line":5,"column":2},"end":{"line":97,"column":3}},"2":{"start":{"line":15,"column":18},"end":{"line":22,"column":24}}},"fnMap":{"0":{"name":"(anonymous_0)","decl":{"start":{"line":4,"column":15},"end":{"line":4,"column":16}},"loc":{"start":{"line":4,"column":57},"end":{"line":98,"column":1}},"line":4},"1":{"name":"(anonymous_1)","decl":{"start":{"line":14,"column":30},"end":{"line":14,"column":31}},"loc":{"start":{"line":15,"column":18},"end":{"line":22,"column":24}},"line":15}},"branchMap":{"0":{"loc":{"start":{"line":13,"column":13},"end":{"line":24,"column":20}},"type":"cond-expr","locations":[{"start":{"line":14,"column":16},"end":{"line":23,"column":18}},{"start":{"line":24,"column":16},"end":{"line":24,"column":20}}],"line":13}},"s":{"0":1,"1":4,"2":0},"f":{"0":4,"1":0},"b":{"0":[0,4]},"_coverageSchema":"1a1c01bbd47fc00a2c39e90264f33305004495a9","hash":"8c9213bc3e63a92832129a135712068aa586997f"}
,"/Users/rosnovsky/code/30 Rosnovsky/31 Rosnovsky.us/rosnovsky.us/blog/components/Header/PageMeta.tsx": {"path":"/Users/rosnovsky/code/30 Rosnovsky/31 Rosnovsky.us/rosnovsky.us/blog/components/Header/PageMeta.tsx","statementMap":{"0":{"start":{"line":4,"column":13},"end":{"line":80,"column":1}},"1":{"start":{"line":11,"column":2},"end":{"line":79,"column":3}}},"fnMap":{"0":{"name":"(anonymous_0)","decl":{"start":{"line":4,"column":13},"end":{"line":4,"column":14}},"loc":{"start":{"line":10,"column":20},"end":{"line":80,"column":1}},"line":10}},"branchMap":{"0":{"loc":{"start":{"line":58,"column":41},"end":{"line":58,"column":66}},"type":"binary-expr","locations":[{"start":{"line":58,"column":41},"end":{"line":58,"column":46}},{"start":{"line":58,"column":50},"end":{"line":58,"column":66}}],"line":58},"1":{"loc":{"start":{"line":62,"column":10},"end":{"line":62,"column":79}},"type":"binary-expr","locations":[{"start":{"line":62,"column":10},"end":{"line":62,"column":21}},{"start":{"line":62,"column":25},"end":{"line":62,"column":79}}],"line":62}},"s":{"0":1,"1":4},"f":{"0":4},"b":{"0":[4,0],"1":[4,0]},"_coverageSchema":"1a1c01bbd47fc00a2c39e90264f33305004495a9","hash":"1a0cf3441af937aaee72934316e1244514dd30f7"}
,"/Users/rosnovsky/code/30 Rosnovsky/31 Rosnovsky.us/rosnovsky.us/blog/components/Header/intro.tsx": {"path":"/Users/rosnovsky/code/30 Rosnovsky/31 Rosnovsky.us/rosnovsky.us/blog/components/Header/intro.tsx","statementMap":{"0":{"start":{"line":1,"column":14},"end":{"line":16,"column":1}},"1":{"start":{"line":2,"column":2},"end":{"line":15,"column":3}}},"fnMap":{"0":{"name":"(anonymous_0)","decl":{"start":{"line":1,"column":14},"end":{"line":1,"column":15}},"loc":{"start":{"line":1,"column":20},"end":{"line":16,"column":1}},"line":1}},"branchMap":{},"s":{"0":1,"1":4},"f":{"0":4},"b":{},"_coverageSchema":"1a1c01bbd47fc00a2c39e90264f33305004495a9","hash":"a7d89976bffcfec703d033ba1d52be6020c805ba"}
,"/Users/rosnovsky/code/30 Rosnovsky/31 Rosnovsky.us/rosnovsky.us/blog/components/Image/CoverImage.tsx": {"path":"/Users/rosnovsky/code/30 Rosnovsky/31 Rosnovsky.us/rosnovsky.us/blog/components/Image/CoverImage.tsx","statementMap":{"0":{"start":{"line":5,"column":18},"end":{"line":55,"column":1}},"1":{"start":{"line":7,"column":4},"end":{"line":7,"column":74}},"2":{"start":{"line":9,"column":16},"end":{"line":42,"column":3}},"3":{"start":{"line":44,"column":2},"end":{"line":54,"column":3}}},"fnMap":{"0":{"name":"(anonymous_0)","decl":{"start":{"line":5,"column":18},"end":{"line":5,"column":19}},"loc":{"start":{"line":5,"column":68},"end":{"line":55,"column":1}},"line":5}},"branchMap":{"0":{"loc":{"start":{"line":7,"column":4},"end":{"line":7,"column":74}},"type":"binary-expr","locations":[{"start":{"line":7,"column":4},"end":{"line":7,"column":68}},{"start":{"line":7,"column":72},"end":{"line":7,"column":74}}],"line":7},"1":{"loc":{"start":{"line":9,"column":16},"end":{"line":42,"column":3}},"type":"cond-expr","locations":[{"start":{"line":10,"column":4},"end":{"line":21,"column":10}},{"start":{"line":23,"column":4},"end":{"line":41,"column":10}}],"line":9},"2":{"loc":{"start":{"line":26,"column":10},"end":{"line":30,"column":24}},"type":"binary-expr","locations":[{"start":{"line":26,"column":10},"end":{"line":30,"column":18}},{"start":{"line":30,"column":22},"end":{"line":30,"column":24}}],"line":26},"3":{"loc":{"start":{"line":27,"column":19},"end":{"line":27,"column":39}},"type":"cond-expr","locations":[{"start":{"line":27,"column":29},"end":{"line":27,"column":32}},{"start":{"line":27,"column":35},"end":{"line":27,"column":39}}],"line":27},"4":{"loc":{"start":{"line":28,"column":20},"end":{"line":28,"column":40}},"type":"cond-expr","locations":[{"start":{"line":28,"column":30},"end":{"line":28,"column":33}},{"start":{"line":28,"column":36},"end":{"line":28,"column":40}}],"line":28},"5":{"loc":{"start":{"line":32,"column":15},"end":{"line":32,"column":35}},"type":"cond-expr","locations":[{"start":{"line":32,"column":25},"end":{"line":32,"column":28}},{"start":{"line":32,"column":31},"end":{"line":32,"column":35}}],"line":32},"6":{"loc":{"start":{"line":33,"column":16},"end":{"line":33,"column":36}},"type":"cond-expr","locations":[{"start":{"line":33,"column":26},"end":{"line":33,"column":29}},{"start":{"line":33,"column":32},"end":{"line":33,"column":36}}],"line":33},"7":{"loc":{"start":{"line":38,"column":10},"end":{"line":38,"column":37}},"type":"cond-expr","locations":[{"start":{"line":38,"column":20},"end":{"line":38,"column":22}},{"start":{"line":38,"column":25},"end":{"line":38,"column":37}}],"line":38},"8":{"loc":{"start":{"line":46,"column":7},"end":{"line":52,"column":7}},"type":"cond-expr","locations":[{"start":{"line":47,"column":8},"end":{"line":49,"column":15}},{"start":{"line":51,"column":8},"end":{"line":51,"column":13}}],"line":46}},"s":{"0":2,"1":1,"2":1,"3":1},"f":{"0":1},"b":{"0":[1,0],"1":[0,1],"2":[1,0],"3":[1,0],"4":[1,0],"5":[1,0],"6":[1,0],"7":[1,0],"8":[1,0]},"_coverageSchema":"1a1c01bbd47fc00a2c39e90264f33305004495a9","hash":"f3d419d1d8cadfb9f37cfaebfa680ac4e67ed1c0"}
,"/Users/rosnovsky/code/30 Rosnovsky/31 Rosnovsky.us/rosnovsky.us/blog/components/Layout/container.tsx": {"path":"/Users/rosnovsky/code/30 Rosnovsky/31 Rosnovsky.us/rosnovsky.us/blog/components/Layout/container.tsx","statementMap":{"0":{"start":{"line":1,"column":18},"end":{"line":3,"column":1}},"1":{"start":{"line":2,"column":2},"end":{"line":2,"column":65}}},"fnMap":{"0":{"name":"(anonymous_0)","decl":{"start":{"line":1,"column":18},"end":{"line":1,"column":19}},"loc":{"start":{"line":1,"column":68},"end":{"line":3,"column":1}},"line":1}},"branchMap":{},"s":{"0":1,"1":8},"f":{"0":8},"b":{},"_coverageSchema":"1a1c01bbd47fc00a2c39e90264f33305004495a9","hash":"3478ffcb1998479f9a7b7c44274daab40ab4d07e"}
,"/Users/rosnovsky/code/30 Rosnovsky/31 Rosnovsky.us/rosnovsky.us/blog/components/Layout/layout.tsx": {"path":"/Users/rosnovsky/code/30 Rosnovsky/31 Rosnovsky.us/rosnovsky.us/blog/components/Layout/layout.tsx","statementMap":{"0":{"start":{"line":4,"column":14},"end":{"line":4,"column":47}},"1":{"start":{"line":13,"column":15},"end":{"line":54,"column":1}},"2":{"start":{"line":14,"column":2},"end":{"line":53,"column":3}},"3":{"start":{"line":33,"column":26},"end":{"line":40,"column":32}}},"fnMap":{"0":{"name":"(anonymous_0)","decl":{"start":{"line":13,"column":15},"end":{"line":13,"column":16}},"loc":{"start":{"line":13,"column":64},"end":{"line":54,"column":1}},"line":13},"1":{"name":"(anonymous_1)","decl":{"start":{"line":32,"column":38},"end":{"line":32,"column":39}},"loc":{"start":{"line":33,"column":26},"end":{"line":40,"column":32}},"line":33}},"branchMap":{"0":{"loc":{"start":{"line":18,"column":11},"end":{"line":25,"column":18}},"type":"cond-expr","locations":[{"start":{"line":19,"column":12},"end":{"line":24,"column":14}},{"start":{"line":25,"column":14},"end":{"line":25,"column":18}}],"line":18},"1":{"loc":{"start":{"line":31,"column":21},"end":{"line":42,"column":28}},"type":"cond-expr","locations":[{"start":{"line":32,"column":24},"end":{"line":41,"column":26}},{"start":{"line":42,"column":24},"end":{"line":42,"column":28}}],"line":31}},"s":{"0":1,"1":1,"2":4,"3":0},"f":{"0":4,"1":0},"b":{"0":[0,4],"1":[0,4]},"_coverageSchema":"1a1c01bbd47fc00a2c39e90264f33305004495a9","hash":"54c519ba317e79ae713c8cca914d6c8d3070f6bd"}
,"/Users/rosnovsky/code/30 Rosnovsky/31 Rosnovsky.us/rosnovsky.us/blog/components/PortableText/Code.tsx": {"path":"/Users/rosnovsky/code/30 Rosnovsky/31 Rosnovsky.us/rosnovsky.us/blog/components/PortableText/Code.tsx","statementMap":{"0":{"start":{"line":3,"column":69},"end":{"line":13,"column":1}},"1":{"start":{"line":6,"column":2},"end":{"line":8,"column":3}},"2":{"start":{"line":7,"column":4},"end":{"line":7,"column":15}},"3":{"start":{"line":9,"column":29},"end":{"line":9,"column":33}},"4":{"start":{"line":10,"column":2},"end":{"line":12,"column":3}}},"fnMap":{"0":{"name":"(anonymous_0)","decl":{"start":{"line":3,"column":69},"end":{"line":3,"column":70}},"loc":{"start":{"line":5,"column":6},"end":{"line":13,"column":1}},"line":5}},"branchMap":{"0":{"loc":{"start":{"line":6,"column":2},"end":{"line":8,"column":3}},"type":"if","locations":[{"start":{"line":6,"column":2},"end":{"line":8,"column":3}},{"start":{"line":6,"column":2},"end":{"line":8,"column":3}}],"line":6},"1":{"loc":{"start":{"line":6,"column":6},"end":{"line":6,"column":25}},"type":"binary-expr","locations":[{"start":{"line":6,"column":6},"end":{"line":6,"column":11}},{"start":{"line":6,"column":15},"end":{"line":6,"column":25}}],"line":6},"2":{"loc":{"start":{"line":11,"column":33},"end":{"line":11,"column":51}},"type":"binary-expr","locations":[{"start":{"line":11,"column":33},"end":{"line":11,"column":41}},{"start":{"line":11,"column":45},"end":{"line":11,"column":51}}],"line":11}},"s":{"0":2,"1":0,"2":0,"3":0,"4":0},"f":{"0":0},"b":{"0":[0,0],"1":[0,0],"2":[0,0]},"_coverageSchema":"1a1c01bbd47fc00a2c39e90264f33305004495a9","hash":"d4c53eedfc5e4a3faa1b0fa0c19463a5a2118aa0"}
,"/Users/rosnovsky/code/30 Rosnovsky/31 Rosnovsky.us/rosnovsky.us/blog/components/PortableText/Figure.tsx": {"path":"/Users/rosnovsky/code/30 Rosnovsky/31 Rosnovsky.us/rosnovsky.us/blog/components/PortableText/Figure.tsx","statementMap":{"0":{"start":{"line":4,"column":22},"end":{"line":70,"column":1}},"1":{"start":{"line":5,"column":20},"end":{"line":5,"column":30}},"2":{"start":{"line":7,"column":4},"end":{"line":8,"column":38}},"3":{"start":{"line":10,"column":21},"end":{"line":16,"column":3}},"4":{"start":{"line":18,"column":2},"end":{"line":20,"column":3}},"5":{"start":{"line":19,"column":4},"end":{"line":19,"column":15}},"6":{"start":{"line":22,"column":2},"end":{"line":34,"column":3}},"7":{"start":{"line":23,"column":4},"end":{"line":33,"column":5}},"8":{"start":{"line":36,"column":2},"end":{"line":69,"column":3}}},"fnMap":{"0":{"name":"(anonymous_0)","decl":{"start":{"line":4,"column":22},"end":{"line":4,"column":23}},"loc":{"start":{"line":4,"column":38},"end":{"line":70,"column":1}},"line":4}},"branchMap":{"0":{"loc":{"start":{"line":7,"column":4},"end":{"line":8,"column":38}},"type":"binary-expr","locations":[{"start":{"line":7,"column":4},"end":{"line":7,"column":64}},{"start":{"line":8,"column":4},"end":{"line":8,"column":38}}],"line":7},"1":{"loc":{"start":{"line":18,"column":2},"end":{"line":20,"column":3}},"type":"if","locations":[{"start":{"line":18,"column":2},"end":{"line":20,"column":3}},{"start":{"line":18,"column":2},"end":{"line":20,"column":3}}],"line":18},"2":{"loc":{"start":{"line":22,"column":2},"end":{"line":34,"column":3}},"type":"if","locations":[{"start":{"line":22,"column":2},"end":{"line":34,"column":3}},{"start":{"line":22,"column":2},"end":{"line":34,"column":3}}],"line":22},"3":{"loc":{"start":{"line":56,"column":10},"end":{"line":57,"column":44}},"type":"binary-expr","locations":[{"start":{"line":56,"column":10},"end":{"line":56,"column":66}},{"start":{"line":57,"column":10},"end":{"line":57,"column":44}}],"line":56}},"s":{"0":2,"1":0,"2":0,"3":0,"4":0,"5":0,"6":0,"7":0,"8":0},"f":{"0":0},"b":{"0":[0,0],"1":[0,0],"2":[0,0],"3":[0,0]},"_coverageSchema":"1a1c01bbd47fc00a2c39e90264f33305004495a9","hash":"7bef74a33b59debc6d2f7104200e6b5ed2c03628"}
,"/Users/rosnovsky/code/30 Rosnovsky/31 Rosnovsky.us/rosnovsky.us/blog/components/PortableText/InternalLink.tsx": {"path":"/Users/rosnovsky/code/30 Rosnovsky/31 Rosnovsky.us/rosnovsky.us/blog/components/PortableText/InternalLink.tsx","statementMap":{"0":{"start":{"line":7,"column":21},"end":{"line":37,"column":1}},"1":{"start":{"line":8,"column":32},"end":{"line":8,"column":44}},"2":{"start":{"line":10,"column":16},"end":{"line":10,"column":73}},"3":{"start":{"line":11,"column":23},"end":{"line":15,"column":4}},"4":{"start":{"line":16,"column":2},"end":{"line":30,"column":8}},"5":{"start":{"line":17,"column":20},"end":{"line":28,"column":5}},"6":{"start":{"line":18,"column":24},"end":{"line":20,"column":8}},"7":{"start":{"line":21,"column":31},"end":{"line":21,"column":46}},"8":{"start":{"line":23,"column":6},"end":{"line":27,"column":7}},"9":{"start":{"line":29,"column":4},"end":{"line":29,"column":13}},"10":{"start":{"line":32,"column":2},"end":{"line":36,"column":3}}},"fnMap":{"0":{"name":"(anonymous_0)","decl":{"start":{"line":7,"column":21},"end":{"line":7,"column":22}},"loc":{"start":{"line":7,"column":50},"end":{"line":37,"column":1}},"line":7},"1":{"name":"(anonymous_1)","decl":{"start":{"line":16,"column":12},"end":{"line":16,"column":13}},"loc":{"start":{"line":16,"column":18},"end":{"line":30,"column":3}},"line":16},"2":{"name":"(anonymous_2)","decl":{"start":{"line":17,"column":20},"end":{"line":17,"column":21}},"loc":{"start":{"line":17,"column":32},"end":{"line":28,"column":5}},"line":17}},"branchMap":{},"s":{"0":2,"1":0,"2":0,"3":0,"4":0,"5":0,"6":0,"7":0,"8":0,"9":0,"10":0},"f":{"0":0,"1":0,"2":0},"b":{},"_coverageSchema":"1a1c01bbd47fc00a2c39e90264f33305004495a9","hash":"81cf273646afde95624d0d55f8a695ccd6720890"}
,"/Users/rosnovsky/code/30 Rosnovsky/31 Rosnovsky.us/rosnovsky.us/blog/components/PortableText/serializers.tsx": {"path":"/Users/rosnovsky/code/30 Rosnovsky/31 Rosnovsky.us/rosnovsky.us/blog/components/PortableText/serializers.tsx","statementMap":{"0":{"start":{"line":5,"column":15},"end":{"line":5,"column":42}},"1":{"start":{"line":6,"column":13},"end":{"line":6,"column":38}},"2":{"start":{"line":7,"column":18},"end":{"line":7,"column":53}},"3":{"start":{"line":8,"column":16},"end":{"line":8,"column":55}},"4":{"start":{"line":11,"column":20},"end":{"line":62,"column":1}},"5":{"start":{"line":16,"column":43},"end":{"line":16,"column":47}},"6":{"start":{"line":17,"column":6},"end":{"line":28,"column":7}},"7":{"start":{"line":36,"column":22},"end":{"line":36,"column":26}},"8":{"start":{"line":38,"column":6},"end":{"line":48,"column":7}},"9":{"start":{"line":51,"column":6},"end":{"line":59,"column":7}}},"fnMap":{"0":{"name":"(anonymous_0)","decl":{"start":{"line":14,"column":10},"end":{"line":14,"column":11}},"loc":{"start":{"line":14,"column":64},"end":{"line":29,"column":5}},"line":14},"1":{"name":"(anonymous_1)","decl":{"start":{"line":35,"column":13},"end":{"line":35,"column":14}},"loc":{"start":{"line":35,"column":32},"end":{"line":49,"column":5}},"line":35},"2":{"name":"(anonymous_2)","decl":{"start":{"line":50,"column":14},"end":{"line":50,"column":15}},"loc":{"start":{"line":50,"column":33},"end":{"line":60,"column":5}},"line":50}},"branchMap":{"0":{"loc":{"start":{"line":17,"column":13},"end":{"line":28,"column":7}},"type":"cond-expr","locations":[{"start":{"line":18,"column":8},"end":{"line":25,"column":12}},{"start":{"line":27,"column":8},"end":{"line":27,"column":37}}],"line":17}},"s":{"0":2,"1":2,"2":2,"3":2,"4":2,"5":0,"6":0,"7":0,"8":0,"9":0},"f":{"0":0,"1":0,"2":0},"b":{"0":[0,0]},"_coverageSchema":"1a1c01bbd47fc00a2c39e90264f33305004495a9","hash":"530776021a96110b85895fe0c5d280cc43e0fd5b"}
,"/Users/rosnovsky/code/30 Rosnovsky/31 Rosnovsky.us/rosnovsky.us/blog/components/Posts/MorePosts.tsx": {"path":"/Users/rosnovsky/code/30 Rosnovsky/31 Rosnovsky.us/rosnovsky.us/blog/components/Posts/MorePosts.tsx","statementMap":{"0":{"start":{"line":4,"column":20},"end":{"line":34,"column":1}},"1":{"start":{"line":5,"column":2},"end":{"line":33,"column":3}},"2":{"start":{"line":17,"column":10},"end":{"line":29,"column":11}}},"fnMap":{"0":{"name":"(anonymous_0)","decl":{"start":{"line":4,"column":20},"end":{"line":4,"column":21}},"loc":{"start":{"line":4,"column":58},"end":{"line":34,"column":1}},"line":4},"1":{"name":"(anonymous_1)","decl":{"start":{"line":16,"column":19},"end":{"line":16,"column":20}},"loc":{"start":{"line":16,"column":29},"end":{"line":30,"column":9}},"line":16}},"branchMap":{},"s":{"0":2,"1":1,"2":1},"f":{"0":1,"1":1},"b":{},"_coverageSchema":"1a1c01bbd47fc00a2c39e90264f33305004495a9","hash":"64e6e37a503b5eacde9668314a2c211a502a41f2"}
,"/Users/rosnovsky/code/30 Rosnovsky/31 Rosnovsky.us/rosnovsky.us/blog/components/Posts/PostPreview.tsx": {"path":"/Users/rosnovsky/code/30 Rosnovsky/31 Rosnovsky.us/rosnovsky.us/blog/components/Posts/PostPreview.tsx","statementMap":{"0":{"start":{"line":9,"column":20},"end":{"line":75,"column":1}},"1":{"start":{"line":18,"column":18},"end":{"line":18,"column":68}},"2":{"start":{"line":19,"column":2},"end":{"line":74,"column":3}}},"fnMap":{"0":{"name":"(anonymous_0)","decl":{"start":{"line":9,"column":20},"end":{"line":9,"column":21}},"loc":{"start":{"line":17,"column":16},"end":{"line":75,"column":1}},"line":17}},"branchMap":{},"s":{"0":2,"1":1,"2":1},"f":{"0":1},"b":{},"_coverageSchema":"1a1c01bbd47fc00a2c39e90264f33305004495a9","hash":"7acafe545de74a7594632e2d8f7d47b7b767294b"}
,"/Users/rosnovsky/code/30 Rosnovsky/31 Rosnovsky.us/rosnovsky.us/blog/pages/index.tsx": {"path":"/Users/rosnovsky/code/30 Rosnovsky/31 Rosnovsky.us/rosnovsky.us/blog/pages/index.tsx","statementMap":{"0":{"start":{"line":14,"column":14},"end":{"line":153,"column":1}},"1":{"start":{"line":23,"column":34},"end":{"line":23,"column":61}},"2":{"start":{"line":24,"column":28},"end":{"line":24,"column":47}},"3":{"start":{"line":25,"column":32},"end":{"line":25,"column":56}},"4":{"start":{"line":26,"column":40},"end":{"line":26,"column":64}},"5":{"start":{"line":29,"column":2},"end":{"line":40,"column":3}},"6":{"start":{"line":30,"column":4},"end":{"line":39,"column":5}},"7":{"start":{"line":31,"column":6},"end":{"line":38,"column":7}},"8":{"start":{"line":35,"column":8},"end":{"line":37,"column":9}},"9":{"start":{"line":36,"column":10},"end":{"line":36,"column":20}},"10":{"start":{"line":42,"column":2},"end":{"line":44,"column":8}},"11":{"start":{"line":43,"column":4},"end":{"line":43,"column":22}},"12":{"start":{"line":46,"column":19},"end":{"line":105,"column":3}},"13":{"start":{"line":47,"column":4},"end":{"line":47,"column":20}},"14":{"start":{"line":49,"column":22},"end":{"line":104,"column":6}},"15":{"start":{"line":92,"column":6},"end":{"line":98,"column":7}},"16":{"start":{"line":93,"column":8},"end":{"line":93,"column":28}},"17":{"start":{"line":95,"column":8},"end":{"line":95,"column":68}},"18":{"start":{"line":95,"column":34},"end":{"line":95,"column":67}},"19":{"start":{"line":96,"column":8},"end":{"line":96,"column":25}},"20":{"start":{"line":97,"column":8},"end":{"line":97,"column":14}},"21":{"start":{"line":100,"column":6},"end":{"line":100,"column":66}},"22":{"start":{"line":100,"column":32},"end":{"line":100,"column":65}},"23":{"start":{"line":101,"column":6},"end":{"line":101,"column":25}},"24":{"start":{"line":102,"column":6},"end":{"line":102,"column":23}},"25":{"start":{"line":103,"column":6},"end":{"line":103,"column":12}},"26":{"start":{"line":107,"column":2},"end":{"line":152,"column":3}},"27":{"start":{"line":162,"column":6},"end":{"line":215,"column":3}},"28":{"start":{"line":218,"column":2},"end":{"line":225,"column":3}}},"fnMap":{"0":{"name":"(anonymous_0)","decl":{"start":{"line":14,"column":14},"end":{"line":14,"column":15}},"loc":{"start":{"line":22,"column":6},"end":{"line":153,"column":1}},"line":22},"1":{"name":"(anonymous_1)","decl":{"start":{"line":30,"column":22},"end":{"line":30,"column":23}},"loc":{"start":{"line":30,"column":28},"end":{"line":39,"column":5}},"line":30},"2":{"name":"(anonymous_2)","decl":{"start":{"line":42,"column":12},"end":{"line":42,"column":13}},"loc":{"start":{"line":42,"column":18},"end":{"line":44,"column":3}},"line":42},"3":{"name":"(anonymous_3)","decl":{"start":{"line":46,"column":19},"end":{"line":46,"column":20}},"loc":{"start":{"line":46,"column":31},"end":{"line":105,"column":3}},"line":46},"4":{"name":"(anonymous_4)","decl":{"start":{"line":91,"column":11},"end":{"line":91,"column":12}},"loc":{"start":{"line":91,"column":55},"end":{"line":104,"column":5}},"line":91},"5":{"name":"(anonymous_5)","decl":{"start":{"line":95,"column":20},"end":{"line":95,"column":21}},"loc":{"start":{"line":95,"column":34},"end":{"line":95,"column":67}},"line":95},"6":{"name":"(anonymous_6)","decl":{"start":{"line":100,"column":18},"end":{"line":100,"column":19}},"loc":{"start":{"line":100,"column":32},"end":{"line":100,"column":65}},"line":100},"7":{"name":"getStaticProps","decl":{"start":{"line":157,"column":22},"end":{"line":157,"column":36}},"loc":{"start":{"line":157,"column":58},"end":{"line":226,"column":1}},"line":157}},"branchMap":{"0":{"loc":{"start":{"line":29,"column":2},"end":{"line":40,"column":3}},"type":"if","locations":[{"start":{"line":29,"column":2},"end":{"line":40,"column":3}},{"start":{"line":29,"column":2},"end":{"line":40,"column":3}}],"line":29},"1":{"loc":{"start":{"line":31,"column":6},"end":{"line":38,"column":7}},"type":"if","locations":[{"start":{"line":31,"column":6},"end":{"line":38,"column":7}},{"start":{"line":31,"column":6},"end":{"line":38,"column":7}}],"line":31},"2":{"loc":{"start":{"line":35,"column":8},"end":{"line":37,"column":9}},"type":"if","locations":[{"start":{"line":35,"column":8},"end":{"line":37,"column":9}},{"start":{"line":35,"column":8},"end":{"line":37,"column":9}}],"line":35},"3":{"loc":{"start":{"line":35,"column":12},"end":{"line":35,"column":36}},"type":"binary-expr","locations":[{"start":{"line":35,"column":12},"end":{"line":35,"column":24}},{"start":{"line":35,"column":28},"end":{"line":35,"column":36}}],"line":35},"4":{"loc":{"start":{"line":92,"column":6},"end":{"line":98,"column":7}},"type":"if","locations":[{"start":{"line":92,"column":6},"end":{"line":98,"column":7}},{"start":{"line":92,"column":6},"end":{"line":98,"column":7}}],"line":92},"5":{"loc":{"start":{"line":124,"column":13},"end":{"line":132,"column":13}},"type":"cond-expr","locations":[{"start":{"line":125,"column":14},"end":{"line":125,"column":47}},{"start":{"line":127,"column":14},"end":{"line":131,"column":20}}],"line":124},"6":{"loc":{"start":{"line":124,"column":13},"end":{"line":124,"column":44}},"type":"binary-expr","locations":[{"start":{"line":124,"column":13},"end":{"line":124,"column":21}},{"start":{"line":124,"column":25},"end":{"line":124,"column":44}}],"line":124},"7":{"loc":{"start":{"line":135,"column":15},"end":{"line":146,"column":15}},"type":"cond-expr","locations":[{"start":{"line":136,"column":16},"end":{"line":141,"column":18}},{"start":{"line":142,"column":18},"end":{"line":146,"column":15}}],"line":135},"8":{"loc":{"start":{"line":142,"column":18},"end":{"line":146,"column":15}},"type":"cond-expr","locations":[{"start":{"line":143,"column":16},"end":{"line":143,"column":39}},{"start":{"line":145,"column":16},"end":{"line":145,"column":18}}],"line":142},"9":{"loc":{"start":{"line":157,"column":39},"end":{"line":157,"column":54}},"type":"default-arg","locations":[{"start":{"line":157,"column":49},"end":{"line":157,"column":54}}],"line":157}},"s":{"0":1,"1":4,"2":4,"3":4,"4":4,"5":4,"6":4,"7":0,"8":0,"9":0,"10":4,"11":4,"12":4,"13":0,"14":0,"15":0,"16":0,"17":0,"18":0,"19":0,"20":0,"21":0,"22":0,"23":0,"24":0,"25":0,"26":4,"27":0,"28":0},"f":{"0":4,"1":0,"2":4,"3":0,"4":0,"5":0,"6":0,"7":0},"b":{"0":[4,0],"1":[0,0],"2":[0,0],"3":[0,0],"4":[0,0],"5":[0,4],"6":[4,0],"7":[0,4],"8":[0,4],"9":[0]},"_coverageSchema":"1a1c01bbd47fc00a2c39e90264f33305004495a9","hash":"a195dc714a5b17c41e05bdd2e858d6ec44a5fd26"}
,"/Users/rosnovsky/code/30 Rosnovsky/31 Rosnovsky.us/rosnovsky.us/blog/utils/sanity.ts": {"path":"/Users/rosnovsky/code/30 Rosnovsky/31 Rosnovsky.us/rosnovsky.us/blog/utils/sanity.ts","statementMap":{"0":{"start":{"line":5,"column":15},"end":{"line":21,"column":1}},"1":{"start":{"line":27,"column":22},"end":{"line":27,"column":73}},"2":{"start":{"line":27,"column":39},"end":{"line":27,"column":73}}},"fnMap":{"0":{"name":"(anonymous_0)","decl":{"start":{"line":27,"column":22},"end":{"line":27,"column":23}},"loc":{"start":{"line":27,"column":39},"end":{"line":27,"column":73}},"line":27}},"branchMap":{},"s":{"0":2,"1":2,"2":2},"f":{"0":2},"b":{},"_coverageSchema":"1a1c01bbd47fc00a2c39e90264f33305004495a9","hash":"6c813159e2de1b023bca83eebf4d7fa68c5cde3a"}
}
