TN:
SF:components/Alert/alert.tsx
FN:5,(anonymous_0)
FNF:1
FNH:0
FNDA:0,(anonymous_0)
DA:5,1
DA:6,0
LF:2
LH:1
BRDA:12,0,0,0
BRDA:12,0,1,0
BRDA:14,1,0,0
BRDA:14,1,1,0
BRF:4
BRH:0
end_of_record
TN:
SF:components/Covid/CovidCard.tsx
FN:4,CovidCard
FN:7,(anonymous_1)
FN:17,(anonymous_2)
FNF:3
FNH:3
FNDA:12,CovidCard
FNDA:24,(anonymous_1)
FNDA:12,(anonymous_2)
DA:5,12
DA:7,12
DA:8,24
DA:9,8
DA:10,16
DA:11,12
DA:13,4
DA:17,12
DA:18,12
DA:57,12
LF:10
LH:10
BRDA:8,0,0,8
BRDA:8,0,1,16
BRDA:10,1,0,12
BRDA:10,1,1,4
BRDA:10,2,0,16
BRDA:10,2,1,16
BRDA:18,3,0,4
BRDA:18,3,1,8
BRF:8
BRH:8
end_of_record
TN:
SF:components/Covid/CovidTracker.tsx
FN:7,(anonymous_0)
FN:50,Covid
FN:55,(anonymous_2)
FN:59,(anonymous_3)
FN:62,(anonymous_4)
FN:85,(anonymous_5)
FN:90,(anonymous_6)
FN:120,(anonymous_7)
FN:121,(anonymous_8)
FN:122,(anonymous_9)
FNF:10
FNH:1
FNDA:0,(anonymous_0)
FNDA:4,Covid
FNDA:0,(anonymous_2)
FNDA:0,(anonymous_3)
FNDA:0,(anonymous_4)
FNDA:0,(anonymous_5)
FNDA:0,(anonymous_6)
FNDA:0,(anonymous_7)
FNDA:0,(anonymous_8)
FNDA:0,(anonymous_9)
DA:7,1
DA:8,0
DA:51,4
DA:52,4
DA:53,4
DA:55,4
DA:56,0
DA:60,0
DA:63,0
DA:72,0
DA:74,0
DA:77,4
DA:86,0
DA:91,0
DA:93,0
DA:99,0
DA:100,0
DA:105,0
DA:107,0
DA:117,0
DA:119,0
DA:120,0
DA:121,0
DA:123,0
DA:124,0
DA:130,4
DA:131,4
DA:133,4
LF:28
LH:9
BRDA:108,0,0,0
BRDA:108,0,1,0
BRDA:112,1,0,0
BRDA:112,1,1,0
BRDA:130,2,0,0
BRDA:130,2,1,4
BRDA:131,3,0,0
BRDA:131,3,1,4
BRDA:138,4,0,4
BRDA:138,4,1,0
BRDA:139,5,0,4
BRDA:139,5,1,0
BRDA:143,6,0,4
BRDA:143,6,1,0
BRDA:144,7,0,4
BRDA:144,7,1,0
BRDA:148,8,0,4
BRDA:148,8,1,0
BRDA:150,9,0,4
BRDA:150,9,1,0
BRF:20
BRH:8
end_of_record
TN:
SF:components/Footer/footer.tsx
FN:4,(anonymous_0)
FN:14,(anonymous_1)
FNF:2
FNH:1
FNDA:4,(anonymous_0)
FNDA:0,(anonymous_1)
DA:4,1
DA:5,4
DA:15,0
LF:3
LH:2
BRDA:13,0,0,0
BRDA:13,0,1,4
BRF:2
BRH:1
end_of_record
TN:
SF:components/Header/PageMeta.tsx
FN:4,(anonymous_0)
FNF:1
FNH:1
FNDA:4,(anonymous_0)
DA:4,1
DA:11,4
LF:2
LH:2
BRDA:58,0,0,4
BRDA:58,0,1,0
BRDA:62,1,0,4
BRDA:62,1,1,0
BRF:4
BRH:2
end_of_record
TN:
SF:components/Header/intro.tsx
FN:1,(anonymous_0)
FNF:1
FNH:1
FNDA:4,(anonymous_0)
DA:1,1
DA:2,4
LF:2
LH:2
BRF:0
BRH:0
end_of_record
TN:
SF:components/Image/CoverImage.tsx
FN:5,(anonymous_0)
FNF:1
FNH:1
FNDA:1,(anonymous_0)
DA:5,2
DA:7,1
DA:9,1
DA:44,1
LF:4
LH:4
BRDA:7,0,0,1
BRDA:7,0,1,0
BRDA:9,1,0,0
BRDA:9,1,1,1
BRDA:26,2,0,1
BRDA:26,2,1,0
BRDA:27,3,0,1
BRDA:27,3,1,0
BRDA:28,4,0,1
BRDA:28,4,1,0
BRDA:32,5,0,1
BRDA:32,5,1,0
BRDA:33,6,0,1
BRDA:33,6,1,0
BRDA:38,7,0,1
BRDA:38,7,1,0
BRDA:46,8,0,1
BRDA:46,8,1,0
BRF:18
BRH:9
end_of_record
TN:
SF:components/Layout/container.tsx
FN:1,(anonymous_0)
FNF:1
FNH:1
FNDA:8,(anonymous_0)
DA:1,1
DA:2,8
LF:2
LH:2
BRF:0
BRH:0
end_of_record
TN:
SF:components/Layout/layout.tsx
FN:13,(anonymous_0)
FN:32,(anonymous_1)
FNF:2
FNH:1
FNDA:4,(anonymous_0)
FNDA:0,(anonymous_1)
DA:4,1
DA:13,1
DA:14,4
DA:33,0
LF:4
LH:3
BRDA:18,0,0,0
BRDA:18,0,1,4
BRDA:31,1,0,0
BRDA:31,1,1,4
BRF:4
BRH:2
end_of_record
TN:
SF:components/PortableText/Code.tsx
FN:3,(anonymous_0)
FNF:1
FNH:0
FNDA:0,(anonymous_0)
DA:3,2
DA:6,0
DA:7,0
DA:9,0
DA:10,0
LF:5
LH:1
BRDA:6,0,0,0
BRDA:6,0,1,0
BRDA:6,1,0,0
BRDA:6,1,1,0
BRDA:11,2,0,0
BRDA:11,2,1,0
BRF:6
BRH:0
end_of_record
TN:
SF:components/PortableText/Figure.tsx
FN:4,(anonymous_0)
FNF:1
FNH:0
FNDA:0,(anonymous_0)
DA:4,2
DA:5,0
DA:7,0
DA:10,0
DA:18,0
DA:19,0
DA:22,0
DA:23,0
DA:36,0
LF:9
LH:1
BRDA:7,0,0,0
BRDA:7,0,1,0
BRDA:18,1,0,0
BRDA:18,1,1,0
BRDA:22,2,0,0
BRDA:22,2,1,0
BRDA:56,3,0,0
BRDA:56,3,1,0
BRF:8
BRH:0
end_of_record
TN:
SF:components/PortableText/InternalLink.tsx
FN:7,(anonymous_0)
FN:16,(anonymous_1)
FN:17,(anonymous_2)
FNF:3
FNH:0
FNDA:0,(anonymous_0)
FNDA:0,(anonymous_1)
FNDA:0,(anonymous_2)
DA:7,2
DA:8,0
DA:10,0
DA:11,0
DA:16,0
DA:17,0
DA:18,0
DA:21,0
DA:23,0
DA:29,0
DA:32,0
LF:11
LH:1
BRF:0
BRH:0
end_of_record
TN:
SF:components/PortableText/serializers.tsx
FN:14,(anonymous_0)
FN:35,(anonymous_1)
FN:50,(anonymous_2)
FNF:3
FNH:0
FNDA:0,(anonymous_0)
FNDA:0,(anonymous_1)
FNDA:0,(anonymous_2)
DA:5,2
DA:6,2
DA:7,2
DA:8,2
DA:11,2
DA:16,0
DA:17,0
DA:36,0
DA:38,0
DA:51,0
LF:10
LH:5
BRDA:17,0,0,0
BRDA:17,0,1,0
BRF:2
BRH:0
end_of_record
TN:
SF:components/Posts/MorePosts.tsx
FN:4,(anonymous_0)
FN:16,(anonymous_1)
FNF:2
FNH:2
FNDA:1,(anonymous_0)
FNDA:1,(anonymous_1)
DA:4,2
DA:5,1
DA:17,1
LF:3
LH:3
BRF:0
BRH:0
end_of_record
TN:
SF:components/Posts/PostPreview.tsx
FN:9,(anonymous_0)
FNF:1
FNH:1
FNDA:1,(anonymous_0)
DA:9,2
DA:18,1
DA:19,1
LF:3
LH:3
BRF:0
BRH:0
end_of_record
TN:
SF:pages/index.tsx
FN:14,(anonymous_0)
FN:30,(anonymous_1)
FN:42,(anonymous_2)
FN:46,(anonymous_3)
FN:91,(anonymous_4)
FN:95,(anonymous_5)
FN:100,(anonymous_6)
FN:157,getStaticProps
FNF:8
FNH:2
FNDA:4,(anonymous_0)
FNDA:0,(anonymous_1)
FNDA:4,(anonymous_2)
FNDA:0,(anonymous_3)
FNDA:0,(anonymous_4)
FNDA:0,(anonymous_5)
FNDA:0,(anonymous_6)
FNDA:0,getStaticProps
DA:14,1
DA:23,4
DA:24,4
DA:25,4
DA:26,4
DA:29,4
DA:30,4
DA:31,0
DA:35,0
DA:36,0
DA:42,4
DA:43,4
DA:46,4
DA:47,0
DA:49,0
DA:92,0
DA:93,0
DA:95,0
DA:96,0
DA:97,0
DA:100,0
DA:101,0
DA:102,0
DA:103,0
DA:107,4
DA:162,0
DA:218,0
LF:27
LH:11
BRDA:29,0,0,4
BRDA:29,0,1,0
BRDA:31,1,0,0
BRDA:31,1,1,0
BRDA:35,2,0,0
BRDA:35,2,1,0
BRDA:35,3,0,0
BRDA:35,3,1,0
BRDA:92,4,0,0
BRDA:92,4,1,0
BRDA:124,5,0,0
BRDA:124,5,1,4
BRDA:124,6,0,4
BRDA:124,6,1,0
BRDA:135,7,0,0
BRDA:135,7,1,4
BRDA:142,8,0,0
BRDA:142,8,1,4
BRDA:157,9,0,0
BRF:19
BRH:5
end_of_record
TN:
SF:utils/sanity.ts
FN:27,(anonymous_0)
FNF:1
FNH:1
FNDA:2,(anonymous_0)
DA:5,2
DA:27,2
LF:2
LH:2
BRF:0
BRH:0
end_of_record
