TN:
SF:components/Alert/alert.tsx
FN:5,(anonymous_0)
FNF:1
FNH:1
FNDA:1,(anonymous_0)
DA:5,2
DA:6,1
LF:2
LH:2
BRDA:12,0,0,1
BRDA:12,0,1,0
BRDA:14,1,0,1
BRDA:14,1,1,0
BRF:4
BRH:2
end_of_record
TN:
SF:components/Covid/CovidCard.tsx
FN:4,CovidCard
FN:7,(anonymous_1)
FN:17,(anonymous_2)
FNF:3
FNH:3
FNDA:42,CovidCard
FNDA:84,(anonymous_1)
FNDA:42,(anonymous_2)
DA:5,42
DA:7,42
DA:8,84
DA:9,22
DA:10,62
DA:11,29
DA:13,33
DA:17,42
DA:18,42
DA:57,42
LF:10
LH:10
BRDA:8,0,0,22
BRDA:8,0,1,62
BRDA:10,1,0,29
BRDA:10,1,1,33
BRDA:10,2,0,62
BRDA:10,2,1,38
BRDA:18,3,0,9
BRDA:18,3,1,33
BRF:8
BRH:8
end_of_record
TN:
SF:components/Covid/CovidTracker.tsx
FN:8,(anonymous_0)
FN:51,Covid
FN:56,(anonymous_2)
FN:59,(anonymous_3)
FN:63,(anonymous_4)
FN:66,(anonymous_5)
FN:89,(anonymous_6)
FN:94,(anonymous_7)
FN:124,(anonymous_8)
FN:125,(anonymous_9)
FN:126,(anonymous_10)
FNF:11
FNH:3
FNDA:4,(anonymous_0)
FNDA:16,Covid
FNDA:8,(anonymous_2)
FNDA:0,(anonymous_3)
FNDA:0,(anonymous_4)
FNDA:0,(anonymous_5)
FNDA:0,(anonymous_6)
FNDA:0,(anonymous_7)
FNDA:0,(anonymous_8)
FNDA:0,(anonymous_9)
FNDA:0,(anonymous_10)
DA:8,2
DA:9,4
DA:52,16
DA:53,16
DA:54,16
DA:56,16
DA:57,8
DA:59,16
DA:60,0
DA:64,0
DA:67,0
DA:76,0
DA:78,0
DA:81,16
DA:90,0
DA:95,0
DA:97,0
DA:103,0
DA:104,0
DA:109,0
DA:111,0
DA:121,0
DA:123,0
DA:124,0
DA:125,0
DA:127,0
DA:133,16
DA:134,14
DA:136,10
DA:138,10
LF:30
LH:13
BRDA:112,0,0,0
BRDA:112,0,1,0
BRDA:116,1,0,0
BRDA:116,1,1,0
BRDA:133,2,0,2
BRDA:133,2,1,14
BRDA:133,3,0,16
BRDA:133,3,1,4
BRDA:134,4,0,4
BRDA:134,4,1,10
BRDA:136,5,0,5
BRDA:136,5,1,5
BRDA:143,6,0,5
BRDA:143,6,1,5
BRDA:144,7,0,5
BRDA:144,7,1,5
BRDA:148,8,0,5
BRDA:148,8,1,5
BRDA:149,9,0,5
BRDA:149,9,1,5
BRDA:153,10,0,5
BRDA:153,10,1,5
BRDA:155,11,0,5
BRDA:155,11,1,5
BRF:24
BRH:20
end_of_record
TN:
SF:components/Footer/footer.tsx
FN:4,(anonymous_0)
FN:14,(anonymous_1)
FNF:2
FNH:2
FNDA:5,(anonymous_0)
FNDA:1,(anonymous_1)
DA:4,2
DA:5,5
DA:15,1
LF:3
LH:3
BRDA:13,0,0,1
BRDA:13,0,1,4
BRF:2
BRH:2
end_of_record
TN:
SF:components/Header/PageMeta.tsx
FN:4,(anonymous_0)
FNF:1
FNH:1
FNDA:4,(anonymous_0)
DA:4,1
DA:11,4
LF:2
LH:2
BRDA:58,0,0,4
BRDA:58,0,1,0
BRDA:62,1,0,4
BRDA:62,1,1,0
BRF:4
BRH:2
end_of_record
TN:
SF:components/Header/intro.tsx
FN:1,(anonymous_0)
FNF:1
FNH:1
FNDA:4,(anonymous_0)
DA:1,1
DA:2,4
LF:2
LH:2
BRF:0
BRH:0
end_of_record
TN:
SF:components/Image/CoverImage.tsx
FN:5,(anonymous_0)
FNF:1
FNH:1
FNDA:2,(anonymous_0)
DA:5,2
DA:7,2
DA:9,2
DA:44,2
LF:4
LH:4
BRDA:7,0,0,2
BRDA:7,0,1,0
BRDA:9,1,0,0
BRDA:9,1,1,2
BRDA:26,2,0,2
BRDA:26,2,1,0
BRDA:27,3,0,2
BRDA:27,3,1,0
BRDA:28,4,0,2
BRDA:28,4,1,0
BRDA:32,5,0,2
BRDA:32,5,1,0
BRDA:33,6,0,2
BRDA:33,6,1,0
BRDA:38,7,0,2
BRDA:38,7,1,0
BRDA:46,8,0,2
BRDA:46,8,1,0
BRF:18
BRH:9
end_of_record
TN:
SF:components/Layout/container.tsx
FN:1,(anonymous_0)
FNF:1
FNH:1
FNDA:19,(anonymous_0)
DA:1,3
DA:2,19
LF:2
LH:2
BRF:0
BRH:0
end_of_record
TN:
SF:components/Layout/layout.tsx
FN:13,(anonymous_0)
FN:32,(anonymous_1)
FNF:2
FNH:1
FNDA:4,(anonymous_0)
FNDA:0,(anonymous_1)
DA:4,1
DA:13,1
DA:14,4
DA:33,0
LF:4
LH:3
BRDA:18,0,0,0
BRDA:18,0,1,4
BRDA:31,1,0,0
BRDA:31,1,1,4
BRF:4
BRH:2
end_of_record
TN:
SF:components/PortableText/Code.tsx
FN:3,(anonymous_0)
FNF:1
FNH:0
FNDA:0,(anonymous_0)
DA:3,2
DA:6,0
DA:7,0
DA:9,0
DA:10,0
LF:5
LH:1
BRDA:6,0,0,0
BRDA:6,0,1,0
BRDA:6,1,0,0
BRDA:6,1,1,0
BRDA:11,2,0,0
BRDA:11,2,1,0
BRF:6
BRH:0
end_of_record
TN:
SF:components/PortableText/Figure.tsx
FN:4,(anonymous_0)
FNF:1
FNH:0
FNDA:0,(anonymous_0)
DA:4,2
DA:5,0
DA:7,0
DA:10,0
DA:18,0
DA:19,0
DA:22,0
DA:23,0
DA:36,0
LF:9
LH:1
BRDA:7,0,0,0
BRDA:7,0,1,0
BRDA:18,1,0,0
BRDA:18,1,1,0
BRDA:22,2,0,0
BRDA:22,2,1,0
BRDA:56,3,0,0
BRDA:56,3,1,0
BRF:8
BRH:0
end_of_record
TN:
SF:components/PortableText/InternalLink.tsx
FN:7,(anonymous_0)
FN:16,(anonymous_1)
FN:17,(anonymous_2)
FNF:3
FNH:0
FNDA:0,(anonymous_0)
FNDA:0,(anonymous_1)
FNDA:0,(anonymous_2)
DA:7,2
DA:8,0
DA:10,0
DA:11,0
DA:16,0
DA:17,0
DA:18,0
DA:21,0
DA:23,0
DA:29,0
DA:32,0
LF:11
LH:1
BRF:0
BRH:0
end_of_record
TN:
SF:components/PortableText/serializers.tsx
FN:14,(anonymous_0)
FN:35,(anonymous_1)
FN:50,(anonymous_2)
FNF:3
FNH:0
FNDA:0,(anonymous_0)
FNDA:0,(anonymous_1)
FNDA:0,(anonymous_2)
DA:5,2
DA:6,2
DA:7,2
DA:8,2
DA:11,2
DA:16,0
DA:17,0
DA:36,0
DA:38,0
DA:51,0
LF:10
LH:5
BRDA:17,0,0,0
BRDA:17,0,1,0
BRF:2
BRH:0
end_of_record
TN:
SF:components/Posts/MorePosts.tsx
FN:4,(anonymous_0)
FN:16,(anonymous_1)
FNF:2
FNH:2
FNDA:2,(anonymous_0)
FNDA:2,(anonymous_1)
DA:4,2
DA:5,2
DA:17,2
LF:3
LH:3
BRF:0
BRH:0
end_of_record
TN:
SF:components/Posts/PostPreview.tsx
FN:9,(anonymous_0)
FNF:1
FNH:1
FNDA:2,(anonymous_0)
DA:9,2
DA:18,2
DA:19,2
LF:3
LH:3
BRF:0
BRH:0
end_of_record
TN:
SF:pages/index.tsx
FN:14,(anonymous_0)
FN:30,(anonymous_1)
FN:42,(anonymous_2)
FN:46,(anonymous_3)
FN:91,(anonymous_4)
FN:95,(anonymous_5)
FN:100,(anonymous_6)
FN:157,getStaticProps
FNF:8
FNH:2
FNDA:4,(anonymous_0)
FNDA:0,(anonymous_1)
FNDA:4,(anonymous_2)
FNDA:0,(anonymous_3)
FNDA:0,(anonymous_4)
FNDA:0,(anonymous_5)
FNDA:0,(anonymous_6)
FNDA:0,getStaticProps
DA:14,1
DA:23,4
DA:24,4
DA:25,4
DA:26,4
DA:29,4
DA:30,4
DA:31,0
DA:35,0
DA:36,0
DA:42,4
DA:43,4
DA:46,4
DA:47,0
DA:49,0
DA:92,0
DA:93,0
DA:95,0
DA:96,0
DA:97,0
DA:100,0
DA:101,0
DA:102,0
DA:103,0
DA:107,4
DA:162,0
DA:218,0
LF:27
LH:11
BRDA:29,0,0,4
BRDA:29,0,1,0
BRDA:31,1,0,0
BRDA:31,1,1,0
BRDA:35,2,0,0
BRDA:35,2,1,0
BRDA:35,3,0,0
BRDA:35,3,1,0
BRDA:92,4,0,0
BRDA:92,4,1,0
BRDA:124,5,0,1
BRDA:124,5,1,3
BRDA:124,6,0,4
BRDA:124,6,1,1
BRDA:135,7,0,0
BRDA:135,7,1,4
BRDA:142,8,0,0
BRDA:142,8,1,4
BRDA:157,9,0,0
BRF:19
BRH:7
end_of_record
TN:
SF:utils/sanity.ts
FN:27,(anonymous_0)
FNF:1
FNH:1
FNDA:4,(anonymous_0)
DA:5,2
DA:27,4
LF:2
LH:2
BRF:0
BRH:0
end_of_record
