<?xml version="1.0" encoding="UTF-8"?>
<coverage generated="1628564851591" clover="3.2.0">
  <project timestamp="1628564851591" name="All files">
    <metrics statements="60" coveredstatements="40" conditionals="32" coveredconditionals="18" methods="20" coveredmethods="13" elements="112" coveredelements="71" complexity="0" loc="60" ncloc="60" packages="7" files="12" classes="12"/>
    <package name="components">
      <metrics statements="13" coveredstatements="11" conditionals="10" coveredconditionals="5" methods="6" coveredmethods="4"/>
      <file name="Container.tsx" path="/Users/rosnovsky/code/30 Rosnovsky/31 Rosnovsky.us/rosnovsky.us/components/Container.tsx">
        <metrics statements="9" coveredstatements="8" conditionals="10" coveredconditionals="5" methods="3" coveredmethods="2"/>
        <line num="11" count="4" type="stmt"/>
        <line num="12" count="4" type="stmt"/>
        <line num="13" count="4" type="stmt"/>
        <line num="17" count="4" type="stmt"/>
        <line num="19" count="4" type="stmt"/>
        <line num="20" count="4" type="stmt"/>
        <line num="21" count="4" type="stmt"/>
        <line num="30" count="4" type="stmt"/>
        <line num="66" count="0" type="cond" truecount="0" falsecount="2"/>
      </file>
      <file name="ErrorMessage.tsx" path="/Users/rosnovsky/code/30 Rosnovsky/31 Rosnovsky.us/rosnovsky.us/components/ErrorMessage.tsx">
        <metrics statements="1" coveredstatements="0" conditionals="0" coveredconditionals="0" methods="1" coveredmethods="0"/>
        <line num="2" count="0" type="stmt"/>
      </file>
      <file name="Footer.tsx" path="/Users/rosnovsky/code/30 Rosnovsky/31 Rosnovsky.us/rosnovsky.us/components/Footer.tsx">
        <metrics statements="3" coveredstatements="3" conditionals="0" coveredconditionals="0" methods="2" coveredmethods="2"/>
        <line num="5" count="1" type="stmt"/>
        <line num="6" count="8" type="stmt"/>
        <line num="17" count="4" type="stmt"/>
      </file>
    </package>
    <package name="components.Blog">
      <metrics statements="2" coveredstatements="2" conditionals="0" coveredconditionals="0" methods="1" coveredmethods="1"/>
      <file name="BlogPost.tsx" path="/Users/rosnovsky/code/30 Rosnovsky/31 Rosnovsky.us/rosnovsky.us/components/Blog/BlogPost.tsx">
        <metrics statements="2" coveredstatements="2" conditionals="0" coveredconditionals="0" methods="1" coveredmethods="1"/>
        <line num="3" count="1" type="stmt"/>
        <line num="15" count="4" type="stmt"/>
      </file>
    </package>
    <package name="components.Cards">
      <metrics statements="32" coveredstatements="16" conditionals="18" coveredconditionals="10" methods="7" coveredmethods="4"/>
      <file name="ProjectCard.tsx" path="/Users/rosnovsky/code/30 Rosnovsky/31 Rosnovsky.us/rosnovsky.us/components/Cards/ProjectCard.tsx">
        <metrics statements="5" coveredstatements="2" conditionals="6" coveredconditionals="3" methods="3" coveredmethods="1"/>
        <line num="3" count="1" type="stmt"/>
        <line num="4" count="0" type="stmt"/>
        <line num="9" count="0" type="stmt"/>
        <line num="13" count="2" type="stmt"/>
        <line num="17" count="0" type="stmt"/>
      </file>
      <file name="SubscribeCard.tsx" path="/Users/rosnovsky/code/30 Rosnovsky/31 Rosnovsky.us/rosnovsky.us/components/Cards/SubscribeCard.tsx">
        <metrics statements="27" coveredstatements="14" conditionals="12" coveredconditionals="7" methods="4" coveredmethods="3"/>
        <line num="12" count="1" type="stmt"/>
        <line num="16" count="1" type="stmt"/>
        <line num="17" count="1" type="stmt"/>
        <line num="18" count="1" type="stmt"/>
        <line num="19" count="1" type="stmt"/>
        <line num="21" count="1" type="stmt"/>
        <line num="22" count="0" type="stmt"/>
        <line num="23" count="0" type="stmt"/>
        <line num="25" count="0" type="stmt"/>
        <line num="36" count="0" type="stmt"/>
        <line num="37" count="0" type="cond" truecount="0" falsecount="2"/>
        <line num="38" count="0" type="stmt"/>
        <line num="42" count="0" type="stmt"/>
        <line num="45" count="0" type="stmt"/>
        <line num="47" count="0" type="stmt"/>
        <line num="48" count="0" type="stmt"/>
        <line num="54" count="1" type="stmt"/>
        <line num="55" count="1" type="cond" truecount="1" falsecount="1"/>
        <line num="56" count="0" type="stmt"/>
        <line num="58" count="1" type="stmt"/>
        <line num="61" count="1" type="stmt"/>
        <line num="62" count="1" type="cond" truecount="1" falsecount="1"/>
        <line num="63" count="0" type="stmt"/>
        <line num="65" count="1" type="cond" truecount="1" falsecount="1"/>
        <line num="66" count="0" type="stmt"/>
        <line num="68" count="1" type="stmt"/>
        <line num="74" count="1" type="stmt"/>
      </file>
    </package>
    <package name="components.Utils">
      <metrics statements="4" coveredstatements="2" conditionals="4" coveredconditionals="3" methods="3" coveredmethods="1"/>
      <file name="LoadingSpinner.tsx" path="/Users/rosnovsky/code/30 Rosnovsky/31 Rosnovsky.us/rosnovsky.us/components/Utils/LoadingSpinner.tsx">
        <metrics statements="1" coveredstatements="0" conditionals="0" coveredconditionals="0" methods="1" coveredmethods="0"/>
        <line num="2" count="0" type="stmt"/>
      </file>
      <file name="NowPlaying.tsx" path="/Users/rosnovsky/code/30 Rosnovsky/31 Rosnovsky.us/rosnovsky.us/components/Utils/NowPlaying.tsx">
        <metrics statements="2" coveredstatements="2" conditionals="4" coveredconditionals="3" methods="1" coveredmethods="1"/>
        <line num="6" count="4" type="stmt"/>
        <line num="13" count="4" type="stmt"/>
      </file>
      <file name="SuccessMessage.tsx" path="/Users/rosnovsky/code/30 Rosnovsky/31 Rosnovsky.us/rosnovsky.us/components/Utils/SuccessMessage.tsx">
        <metrics statements="1" coveredstatements="0" conditionals="0" coveredconditionals="0" methods="1" coveredmethods="0"/>
        <line num="2" count="0" type="stmt"/>
      </file>
    </package>
    <package name="lib">
      <metrics statements="2" coveredstatements="2" conditionals="0" coveredconditionals="0" methods="1" coveredmethods="1"/>
      <file name="fetcher.ts" path="/Users/rosnovsky/code/30 Rosnovsky/31 Rosnovsky.us/rosnovsky.us/lib/fetcher.ts">
        <metrics statements="2" coveredstatements="2" conditionals="0" coveredconditionals="0" methods="1" coveredmethods="1"/>
        <line num="3" count="2" type="stmt"/>
        <line num="5" count="2" type="stmt"/>
      </file>
    </package>
    <package name="pages">
      <metrics statements="1" coveredstatements="1" conditionals="0" coveredconditionals="0" methods="1" coveredmethods="1"/>
      <file name="index.tsx" path="/Users/rosnovsky/code/30 Rosnovsky/31 Rosnovsky.us/rosnovsky.us/pages/index.tsx">
        <metrics statements="1" coveredstatements="1" conditionals="0" coveredconditionals="0" methods="1" coveredmethods="1"/>
        <line num="9" count="1" type="stmt"/>
      </file>
    </package>
    <package name="pages.api">
      <metrics statements="6" coveredstatements="6" conditionals="0" coveredconditionals="0" methods="1" coveredmethods="1"/>
      <file name="subscribers.ts" path="/Users/rosnovsky/code/30 Rosnovsky/31 Rosnovsky.us/rosnovsky.us/pages/api/subscribers.ts">
        <metrics statements="6" coveredstatements="6" conditionals="0" coveredconditionals="0" methods="1" coveredmethods="1"/>
        <line num="1" count="1" type="stmt"/>
        <line num="2" count="1" type="stmt"/>
        <line num="3" count="1" type="stmt"/>
        <line num="11" count="1" type="stmt"/>
        <line num="13" count="1" type="stmt"/>
        <line num="18" count="1" type="stmt"/>
      </file>
    </package>
  </project>
</coverage>
