<?xml version="1.0" encoding="UTF-8"?>
<coverage generated="1636852415507" clover="3.2.0">
  <project timestamp="1636852415507" name="All files">
    <metrics statements="79" coveredstatements="39" conditionals="66" coveredconditionals="26" methods="29" coveredmethods="18" elements="174" coveredelements="83" complexity="0" loc="79" ncloc="79" packages="3" files="9" classes="9"/>
    <package name="components">
      <metrics statements="25" coveredstatements="25" conditionals="37" coveredconditionals="23" methods="13" coveredmethods="13"/>
      <file name="ExternalLink.tsx" path="/Users/rosnovsky/code/rosnovsky.us/components/ExternalLink.tsx">
        <metrics statements="2" coveredstatements="2" conditionals="0" coveredconditionals="0" methods="1" coveredmethods="1"/>
        <line num="3" count="1" type="stmt"/>
        <line num="4" count="6" type="stmt"/>
      </file>
      <file name="Footer.tsx" path="/Users/rosnovsky/code/rosnovsky.us/components/Footer.tsx">
        <metrics statements="1" coveredstatements="1" conditionals="0" coveredconditionals="0" methods="1" coveredmethods="1"/>
        <line num="9" count="3" type="stmt"/>
      </file>
      <file name="Navigation.tsx" path="/Users/rosnovsky/code/rosnovsky.us/components/Navigation.tsx">
        <metrics statements="7" coveredstatements="7" conditionals="13" coveredconditionals="8" methods="3" coveredmethods="3"/>
        <line num="6" count="1" type="stmt"/>
        <line num="7" count="8" type="stmt"/>
        <line num="8" count="8" type="cond" truecount="1" falsecount="0"/>
        <line num="9" count="8" type="stmt"/>
        <line num="12" count="8" type="stmt"/>
        <line num="14" count="8" type="stmt"/>
        <line num="25" count="1" type="cond" truecount="1" falsecount="1"/>
      </file>
      <file name="StatusIndicator.tsx" path="/Users/rosnovsky/code/rosnovsky.us/components/StatusIndicator.tsx">
        <metrics statements="7" coveredstatements="7" conditionals="18" coveredconditionals="11" methods="3" coveredmethods="3"/>
        <line num="4" count="1" type="stmt"/>
        <line num="6" count="1" type="cond" truecount="1" falsecount="1"/>
        <line num="8" count="1" type="stmt"/>
        <line num="9" count="3" type="stmt"/>
        <line num="11" count="3" type="cond" truecount="1" falsecount="1"/>
        <line num="12" count="3" type="cond" truecount="2" falsecount="0"/>
        <line num="14" count="2" type="stmt"/>
      </file>
      <file name="TopTracks.tsx" path="/Users/rosnovsky/code/rosnovsky.us/components/TopTracks.tsx">
        <metrics statements="7" coveredstatements="7" conditionals="6" coveredconditionals="4" methods="4" coveredmethods="4"/>
        <line num="8" count="1" type="stmt"/>
        <line num="10" count="1" type="cond" truecount="1" falsecount="1"/>
        <line num="13" count="3" type="stmt"/>
        <line num="15" count="3" type="cond" truecount="2" falsecount="0"/>
        <line num="16" count="2" type="cond" truecount="1" falsecount="1"/>
        <line num="18" count="2" type="stmt"/>
        <line num="19" count="4" type="stmt"/>
      </file>
      <file name="Track.tsx" path="/Users/rosnovsky/code/rosnovsky.us/components/Track.tsx">
        <metrics statements="1" coveredstatements="1" conditionals="0" coveredconditionals="0" methods="1" coveredmethods="1"/>
        <line num="5" count="5" type="stmt"/>
      </file>
    </package>
    <package name="components.Blog">
      <metrics statements="2" coveredstatements="2" conditionals="0" coveredconditionals="0" methods="1" coveredmethods="1"/>
      <file name="BlogPost.tsx" path="/Users/rosnovsky/code/rosnovsky.us/components/Blog/BlogPost.tsx">
        <metrics statements="2" coveredstatements="2" conditionals="0" coveredconditionals="0" methods="1" coveredmethods="1"/>
        <line num="3" count="1" type="stmt"/>
        <line num="15" count="1" type="stmt"/>
      </file>
    </package>
    <package name="components.Utils">
      <metrics statements="52" coveredstatements="12" conditionals="29" coveredconditionals="3" methods="15" coveredmethods="4"/>
      <file name="MDXComponents.tsx" path="/Users/rosnovsky/code/rosnovsky.us/components/Utils/MDXComponents.tsx">
        <metrics statements="46" coveredstatements="8" conditionals="21" coveredconditionals="1" methods="12" coveredmethods="2"/>
        <line num="5" count="3" type="stmt"/>
        <line num="13" count="5" type="stmt"/>
        <line num="27" count="3" type="stmt"/>
        <line num="28" count="5" type="cond" truecount="1" falsecount="1"/>
        <line num="32" count="3" type="stmt"/>
        <line num="33" count="0" type="stmt"/>
        <line num="34" count="0" type="cond" truecount="0" falsecount="3"/>
        <line num="36" count="0" type="cond" truecount="0" falsecount="2"/>
        <line num="37" count="0" type="stmt"/>
        <line num="44" count="0" type="stmt"/>
        <line num="47" count="3" type="stmt"/>
        <line num="48" count="0" type="stmt"/>
        <line num="50" count="0" type="stmt"/>
        <line num="51" count="0" type="stmt"/>
        <line num="52" count="0" type="cond" truecount="0" falsecount="2"/>
        <line num="53" count="0" type="stmt"/>
        <line num="55" count="0" type="stmt"/>
        <line num="56" count="0" type="stmt"/>
        <line num="57" count="0" type="stmt"/>
        <line num="58" count="0" type="stmt"/>
        <line num="61" count="0" type="stmt"/>
        <line num="62" count="0" type="stmt"/>
        <line num="65" count="0" type="stmt"/>
        <line num="69" count="0" type="stmt"/>
        <line num="83" count="3" type="stmt"/>
        <line num="84" count="0" type="stmt"/>
        <line num="85" count="0" type="stmt"/>
        <line num="86" count="0" type="stmt"/>
        <line num="88" count="0" type="stmt"/>
        <line num="89" count="0" type="stmt"/>
        <line num="90" count="0" type="stmt"/>
        <line num="91" count="0" type="cond" truecount="0" falsecount="2"/>
        <line num="93" count="0" type="stmt"/>
        <line num="96" count="0" type="cond" truecount="0" falsecount="2"/>
        <line num="98" count="0" type="stmt"/>
        <line num="99" count="0" type="cond" truecount="0" falsecount="2"/>
        <line num="101" count="0" type="stmt"/>
        <line num="102" count="0" type="stmt"/>
        <line num="103" count="0" type="stmt"/>
        <line num="105" count="0" type="stmt"/>
        <line num="110" count="0" type="stmt"/>
        <line num="125" count="0" type="stmt"/>
        <line num="126" count="0" type="cond" truecount="0" falsecount="2"/>
        <line num="127" count="0" type="stmt"/>
        <line num="132" count="0" type="stmt"/>
        <line num="152" count="3" type="stmt"/>
      </file>
      <file name="NowPlaying.tsx" path="/Users/rosnovsky/code/rosnovsky.us/components/Utils/NowPlaying.tsx">
        <metrics statements="6" coveredstatements="4" conditionals="8" coveredconditionals="2" methods="3" coveredmethods="2"/>
        <line num="6" count="2" type="stmt"/>
        <line num="9" count="1" type="cond" truecount="1" falsecount="1"/>
        <line num="12" count="5" type="stmt"/>
        <line num="14" count="4" type="cond" truecount="1" falsecount="1"/>
        <line num="15" count="0" type="cond" truecount="0" falsecount="2"/>
        <line num="17" count="0" type="stmt"/>
      </file>
    </package>
  </project>
</coverage>
