{"/Users/rosnovsky/code/30 Rosnovsky/31 Rosnovsky.us/rosnovsky.us/components/Container.tsx": {"path":"/Users/rosnovsky/code/30 Rosnovsky/31 Rosnovsky.us/rosnovsky.us/components/Container.tsx","statementMap":{"0":{"start":{"line":11,"column":32},"end":{"line":11,"column":47}},"1":{"start":{"line":12,"column":38},"end":{"line":12,"column":48}},"2":{"start":{"line":13,"column":19},"end":{"line":13,"column":28}},"3":{"start":{"line":17,"column":2},"end":{"line":17,"column":40}},"4":{"start":{"line":17,"column":18},"end":{"line":17,"column":34}},"5":{"start":{"line":19,"column":38},"end":{"line":19,"column":43}},"6":{"start":{"line":20,"column":17},"end":{"line":20,"column":28}},"7":{"start":{"line":21,"column":15},"end":{"line":27,"column":3}},"8":{"start":{"line":30,"column":2},"end":{"line":121,"column":4}},"9":{"start":{"line":66,"column":25},"end":{"line":66,"column":78}}},"fnMap":{"0":{"name":"Container","decl":{"start":{"line":10,"column":24},"end":{"line":10,"column":33}},"loc":{"start":{"line":10,"column":41},"end":{"line":122,"column":1}},"line":10},"1":{"name":"(anonymous_1)","decl":{"start":{"line":17,"column":12},"end":{"line":17,"column":13}},"loc":{"start":{"line":17,"column":18},"end":{"line":17,"column":34}},"line":17},"2":{"name":"(anonymous_2)","decl":{"start":{"line":66,"column":19},"end":{"line":66,"column":20}},"loc":{"start":{"line":66,"column":25},"end":{"line":66,"column":78}},"line":66}},"branchMap":{"0":{"loc":{"start":{"line":54,"column":9},"end":{"line":56,"column":9}},"type":"binary-expr","locations":[{"start":{"line":54,"column":9},"end":{"line":54,"column":18}},{"start":{"line":55,"column":10},"end":{"line":55,"column":72}}],"line":54},"1":{"loc":{"start":{"line":66,"column":34},"end":{"line":66,"column":77}},"type":"cond-expr","locations":[{"start":{"line":66,"column":61},"end":{"line":66,"column":68}},{"start":{"line":66,"column":71},"end":{"line":66,"column":77}}],"line":66},"2":{"loc":{"start":{"line":68,"column":11},"end":{"line":92,"column":11}},"type":"binary-expr","locations":[{"start":{"line":68,"column":11},"end":{"line":68,"column":18}},{"start":{"line":69,"column":12},"end":{"line":91,"column":18}}],"line":68},"3":{"loc":{"start":{"line":76,"column":15},"end":{"line":90,"column":15}},"type":"cond-expr","locations":[{"start":{"line":77,"column":16},"end":{"line":82,"column":18}},{"start":{"line":84,"column":16},"end":{"line":89,"column":18}}],"line":76},"4":{"loc":{"start":{"line":110,"column":13},"end":{"line":110,"column":258}},"type":"cond-expr","locations":[{"start":{"line":110,"column":20},"end":{"line":110,"column":137}},{"start":{"line":110,"column":140},"end":{"line":110,"column":258}}],"line":110}},"s":{"0":4,"1":4,"2":4,"3":4,"4":1,"5":4,"6":4,"7":4,"8":4,"9":0},"f":{"0":4,"1":1,"2":0},"b":{"0":[4,0],"1":[0,0],"2":[4,3],"3":[0,3],"4":[0,4]},"_coverageSchema":"1a1c01bbd47fc00a2c39e90264f33305004495a9","hash":"8e91661c1c7abf5cf02ac161e94abd5ca7be741b"}
,"/Users/rosnovsky/code/30 Rosnovsky/31 Rosnovsky.us/rosnovsky.us/components/ErrorMessage.tsx": {"path":"/Users/rosnovsky/code/30 Rosnovsky/31 Rosnovsky.us/rosnovsky.us/components/ErrorMessage.tsx","statementMap":{"0":{"start":{"line":2,"column":2},"end":{"line":18,"column":4}}},"fnMap":{"0":{"name":"ErrorMessage","decl":{"start":{"line":1,"column":24},"end":{"line":1,"column":36}},"loc":{"start":{"line":1,"column":51},"end":{"line":19,"column":1}},"line":1}},"branchMap":{},"s":{"0":0},"f":{"0":0},"b":{},"_coverageSchema":"1a1c01bbd47fc00a2c39e90264f33305004495a9","hash":"a56af563620ed4fbd16a04504543901dee918c17"}
,"/Users/rosnovsky/code/30 Rosnovsky/31 Rosnovsky.us/rosnovsky.us/components/Footer.tsx": {"path":"/Users/rosnovsky/code/30 Rosnovsky/31 Rosnovsky.us/rosnovsky.us/components/Footer.tsx","statementMap":{"0":{"start":{"line":5,"column":21},"end":{"line":14,"column":1}},"1":{"start":{"line":6,"column":2},"end":{"line":13,"column":6}},"2":{"start":{"line":17,"column":2},"end":{"line":72,"column":4}}},"fnMap":{"0":{"name":"(anonymous_0)","decl":{"start":{"line":5,"column":21},"end":{"line":5,"column":22}},"loc":{"start":{"line":6,"column":2},"end":{"line":13,"column":6}},"line":6},"1":{"name":"Footer","decl":{"start":{"line":16,"column":24},"end":{"line":16,"column":30}},"loc":{"start":{"line":16,"column":33},"end":{"line":73,"column":1}},"line":16}},"branchMap":{},"s":{"0":1,"1":8,"2":4},"f":{"0":8,"1":4},"b":{},"_coverageSchema":"1a1c01bbd47fc00a2c39e90264f33305004495a9","hash":"8608a9e6cb98670161bd5faf08a07f417132fdbf"}
,"/Users/rosnovsky/code/30 Rosnovsky/31 Rosnovsky.us/rosnovsky.us/components/Blog/BlogPost.tsx": {"path":"/Users/rosnovsky/code/30 Rosnovsky/31 Rosnovsky.us/rosnovsky.us/components/Blog/BlogPost.tsx","statementMap":{"0":{"start":{"line":3,"column":17},"end":{"line":30,"column":1}},"1":{"start":{"line":15,"column":2},"end":{"line":29,"column":11}}},"fnMap":{"0":{"name":"(anonymous_0)","decl":{"start":{"line":3,"column":17},"end":{"line":3,"column":18}},"loc":{"start":{"line":13,"column":6},"end":{"line":30,"column":1}},"line":13}},"branchMap":{},"s":{"0":1,"1":4},"f":{"0":4},"b":{},"_coverageSchema":"1a1c01bbd47fc00a2c39e90264f33305004495a9","hash":"ca24a7c9edfc88f93e2f1cf3f4dca9fc130f7f6f"}
,"/Users/rosnovsky/code/30 Rosnovsky/31 Rosnovsky.us/rosnovsky.us/components/Cards/ProjectCard.tsx": {"path":"/Users/rosnovsky/code/30 Rosnovsky/31 Rosnovsky.us/rosnovsky.us/components/Cards/ProjectCard.tsx","statementMap":{"0":{"start":{"line":3,"column":18},"end":{"line":10,"column":1}},"1":{"start":{"line":4,"column":20},"end":{"line":7,"column":3}},"2":{"start":{"line":9,"column":2},"end":{"line":9,"column":40}},"3":{"start":{"line":13,"column":2},"end":{"line":74,"column":4}},"4":{"start":{"line":17,"column":21},"end":{"line":17,"column":37}}},"fnMap":{"0":{"name":"(anonymous_0)","decl":{"start":{"line":3,"column":18},"end":{"line":3,"column":19}},"loc":{"start":{"line":3,"column":29},"end":{"line":10,"column":1}},"line":3},"1":{"name":"ProjectCard","decl":{"start":{"line":12,"column":24},"end":{"line":12,"column":35}},"loc":{"start":{"line":12,"column":72},"end":{"line":75,"column":1}},"line":12},"2":{"name":"(anonymous_2)","decl":{"start":{"line":17,"column":15},"end":{"line":17,"column":16}},"loc":{"start":{"line":17,"column":21},"end":{"line":17,"column":37}},"line":17}},"branchMap":{"0":{"loc":{"start":{"line":23,"column":9},"end":{"line":35,"column":9}},"type":"binary-expr","locations":[{"start":{"line":23,"column":9},"end":{"line":23,"column":28}},{"start":{"line":24,"column":10},"end":{"line":34,"column":16}}],"line":23},"1":{"loc":{"start":{"line":36,"column":9},"end":{"line":49,"column":9}},"type":"binary-expr","locations":[{"start":{"line":36,"column":9},"end":{"line":36,"column":25}},{"start":{"line":37,"column":10},"end":{"line":48,"column":16}}],"line":36},"2":{"loc":{"start":{"line":50,"column":9},"end":{"line":63,"column":9}},"type":"binary-expr","locations":[{"start":{"line":50,"column":9},"end":{"line":50,"column":31}},{"start":{"line":51,"column":10},"end":{"line":62,"column":16}}],"line":50}},"s":{"0":1,"1":0,"2":0,"3":2,"4":0},"f":{"0":0,"1":2,"2":0},"b":{"0":[2,0],"1":[2,0],"2":[2,0]},"_coverageSchema":"1a1c01bbd47fc00a2c39e90264f33305004495a9","hash":"f2d7d26d8fd4075bbf09a36581c790ef0f839c7d"}
,"/Users/rosnovsky/code/30 Rosnovsky/31 Rosnovsky.us/rosnovsky.us/components/Cards/SubscribeCard.tsx": {"path":"/Users/rosnovsky/code/30 Rosnovsky/31 Rosnovsky.us/rosnovsky.us/components/Cards/SubscribeCard.tsx","statementMap":{"0":{"start":{"line":12,"column":26},"end":{"line":15,"column":4}},"1":{"start":{"line":16,"column":18},"end":{"line":16,"column":30}},"2":{"start":{"line":17,"column":19},"end":{"line":17,"column":48}},"3":{"start":{"line":18,"column":26},"end":{"line":18,"column":51}},"4":{"start":{"line":19,"column":22},"end":{"line":19,"column":42}},"5":{"start":{"line":21,"column":20},"end":{"line":52,"column":3}},"6":{"start":{"line":22,"column":4},"end":{"line":22,"column":23}},"7":{"start":{"line":23,"column":4},"end":{"line":23,"column":47}},"8":{"start":{"line":25,"column":16},"end":{"line":34,"column":6}},"9":{"start":{"line":36,"column":22},"end":{"line":36,"column":38}},"10":{"start":{"line":37,"column":4},"end":{"line":43,"column":5}},"11":{"start":{"line":38,"column":6},"end":{"line":41,"column":9}},"12":{"start":{"line":42,"column":6},"end":{"line":42,"column":13}},"13":{"start":{"line":45,"column":4},"end":{"line":45,"column":29}},"14":{"start":{"line":47,"column":4},"end":{"line":47,"column":31}},"15":{"start":{"line":48,"column":4},"end":{"line":51,"column":7}},"16":{"start":{"line":54,"column":21},"end":{"line":59,"column":3}},"17":{"start":{"line":55,"column":4},"end":{"line":57,"column":5}},"18":{"start":{"line":56,"column":6},"end":{"line":56,"column":31}},"19":{"start":{"line":58,"column":4},"end":{"line":58,"column":22}},"20":{"start":{"line":61,"column":24},"end":{"line":72,"column":5}},"21":{"start":{"line":62,"column":4},"end":{"line":67,"column":7}},"22":{"start":{"line":63,"column":8},"end":{"line":63,"column":58}},"23":{"start":{"line":65,"column":11},"end":{"line":67,"column":7}},"24":{"start":{"line":66,"column":8},"end":{"line":66,"column":62}},"25":{"start":{"line":68,"column":4},"end":{"line":71,"column":8}},"26":{"start":{"line":74,"column":2},"end":{"line":101,"column":4}}},"fnMap":{"0":{"name":"SubscribeCard","decl":{"start":{"line":11,"column":24},"end":{"line":11,"column":37}},"loc":{"start":{"line":11,"column":40},"end":{"line":102,"column":1}},"line":11},"1":{"name":"(anonymous_1)","decl":{"start":{"line":21,"column":20},"end":{"line":21,"column":21}},"loc":{"start":{"line":21,"column":33},"end":{"line":52,"column":3}},"line":21},"2":{"name":"(anonymous_2)","decl":{"start":{"line":54,"column":21},"end":{"line":54,"column":22}},"loc":{"start":{"line":54,"column":31},"end":{"line":59,"column":3}},"line":54},"3":{"name":"(anonymous_3)","decl":{"start":{"line":61,"column":24},"end":{"line":61,"column":25}},"loc":{"start":{"line":61,"column":32},"end":{"line":72,"column":5}},"line":61}},"branchMap":{"0":{"loc":{"start":{"line":37,"column":4},"end":{"line":43,"column":5}},"type":"if","locations":[{"start":{"line":37,"column":4},"end":{"line":43,"column":5}},{"start":{"line":37,"column":4},"end":{"line":43,"column":5}}],"line":37},"1":{"loc":{"start":{"line":55,"column":4},"end":{"line":57,"column":5}},"type":"if","locations":[{"start":{"line":55,"column":4},"end":{"line":57,"column":5}},{"start":{"line":55,"column":4},"end":{"line":57,"column":5}}],"line":55},"2":{"loc":{"start":{"line":62,"column":4},"end":{"line":67,"column":7}},"type":"if","locations":[{"start":{"line":62,"column":4},"end":{"line":67,"column":7}},{"start":{"line":62,"column":4},"end":{"line":67,"column":7}}],"line":62},"3":{"loc":{"start":{"line":65,"column":11},"end":{"line":67,"column":7}},"type":"if","locations":[{"start":{"line":65,"column":11},"end":{"line":67,"column":7}},{"start":{"line":65,"column":11},"end":{"line":67,"column":7}}],"line":65},"4":{"loc":{"start":{"line":69,"column":10},"end":{"line":69,"column":32}},"type":"binary-expr","locations":[{"start":{"line":69,"column":10},"end":{"line":69,"column":25}},{"start":{"line":69,"column":29},"end":{"line":69,"column":32}}],"line":69},"5":{"loc":{"start":{"line":70,"column":9},"end":{"line":70,"column":28}},"type":"binary-expr","locations":[{"start":{"line":70,"column":9},"end":{"line":70,"column":20}},{"start":{"line":70,"column":24},"end":{"line":70,"column":28}}],"line":70}},"s":{"0":1,"1":1,"2":1,"3":1,"4":1,"5":1,"6":0,"7":0,"8":0,"9":0,"10":0,"11":0,"12":0,"13":0,"14":0,"15":0,"16":1,"17":1,"18":0,"19":1,"20":1,"21":1,"22":0,"23":1,"24":0,"25":1,"26":1},"f":{"0":1,"1":0,"2":1,"3":1},"b":{"0":[0,0],"1":[0,1],"2":[0,1],"3":[0,1],"4":[1,1],"5":[1,1]},"_coverageSchema":"1a1c01bbd47fc00a2c39e90264f33305004495a9","hash":"e75dd99a70ed53894776e0b225e364eb766d644c"}
,"/Users/rosnovsky/code/30 Rosnovsky/31 Rosnovsky.us/rosnovsky.us/components/Utils/LoadingSpinner.tsx": {"path":"/Users/rosnovsky/code/30 Rosnovsky/31 Rosnovsky.us/rosnovsky.us/components/Utils/LoadingSpinner.tsx","statementMap":{"0":{"start":{"line":2,"column":2},"end":{"line":23,"column":4}}},"fnMap":{"0":{"name":"LoadingSpinner","decl":{"start":{"line":1,"column":24},"end":{"line":1,"column":38}},"loc":{"start":{"line":1,"column":41},"end":{"line":24,"column":1}},"line":1}},"branchMap":{},"s":{"0":0},"f":{"0":0},"b":{},"_coverageSchema":"1a1c01bbd47fc00a2c39e90264f33305004495a9","hash":"cdf15571005494c45d11423506781a4de7ad24dc"}
,"/Users/rosnovsky/code/30 Rosnovsky/31 Rosnovsky.us/rosnovsky.us/components/Utils/NowPlaying.tsx": {"path":"/Users/rosnovsky/code/30 Rosnovsky/31 Rosnovsky.us/rosnovsky.us/components/Utils/NowPlaying.tsx","statementMap":{"0":{"start":{"line":6,"column":19},"end":{"line":11,"column":4}},"1":{"start":{"line":13,"column":2},"end":{"line":52,"column":4}}},"fnMap":{"0":{"name":"NowPlaying","decl":{"start":{"line":5,"column":24},"end":{"line":5,"column":34}},"loc":{"start":{"line":5,"column":37},"end":{"line":53,"column":1}},"line":5}},"branchMap":{"0":{"loc":{"start":{"line":23,"column":9},"end":{"line":43,"column":9}},"type":"cond-expr","locations":[{"start":{"line":24,"column":10},"end":{"line":31,"column":14}},{"start":{"line":33,"column":10},"end":{"line":42,"column":14}}],"line":23},"1":{"loc":{"start":{"line":48,"column":11},"end":{"line":48,"column":36}},"type":"binary-expr","locations":[{"start":{"line":48,"column":11},"end":{"line":48,"column":23}},{"start":{"line":48,"column":27},"end":{"line":48,"column":36}}],"line":48}},"s":{"0":4,"1":4},"f":{"0":4},"b":{"0":[0,4],"1":[4,4]},"_coverageSchema":"1a1c01bbd47fc00a2c39e90264f33305004495a9","hash":"b0bfaa54de48a5615a3f603da25431745b381f52"}
,"/Users/rosnovsky/code/30 Rosnovsky/31 Rosnovsky.us/rosnovsky.us/components/Utils/SuccessMessage.tsx": {"path":"/Users/rosnovsky/code/30 Rosnovsky/31 Rosnovsky.us/rosnovsky.us/components/Utils/SuccessMessage.tsx","statementMap":{"0":{"start":{"line":2,"column":2},"end":{"line":18,"column":4}}},"fnMap":{"0":{"name":"SuccessMessage","decl":{"start":{"line":1,"column":24},"end":{"line":1,"column":38}},"loc":{"start":{"line":1,"column":53},"end":{"line":19,"column":1}},"line":1}},"branchMap":{},"s":{"0":0},"f":{"0":0},"b":{},"_coverageSchema":"1a1c01bbd47fc00a2c39e90264f33305004495a9","hash":"60658d25b8d55433919e496bb18a84e66481f9dc"}
,"/Users/rosnovsky/code/30 Rosnovsky/31 Rosnovsky.us/rosnovsky.us/lib/fetcher.ts": {"path":"/Users/rosnovsky/code/30 Rosnovsky/31 Rosnovsky.us/rosnovsky.us/lib/fetcher.ts","statementMap":{"0":{"start":{"line":3,"column":14},"end":{"line":3,"column":34}},"1":{"start":{"line":5,"column":2},"end":{"line":5,"column":20}}},"fnMap":{"0":{"name":"Fetcher","decl":{"start":{"line":1,"column":30},"end":{"line":1,"column":37}},"loc":{"start":{"line":1,"column":47},"end":{"line":6,"column":1}},"line":1}},"branchMap":{},"s":{"0":2,"1":2},"f":{"0":2},"b":{},"_coverageSchema":"1a1c01bbd47fc00a2c39e90264f33305004495a9","hash":"80fdec811084ba692d8749aa8c2b9a26b683afaf"}
,"/Users/rosnovsky/code/30 Rosnovsky/31 Rosnovsky.us/rosnovsky.us/pages/index.tsx": {"path":"/Users/rosnovsky/code/30 Rosnovsky/31 Rosnovsky.us/rosnovsky.us/pages/index.tsx","statementMap":{"0":{"start":{"line":9,"column":2},"end":{"line":64,"column":4}}},"fnMap":{"0":{"name":"Home","decl":{"start":{"line":8,"column":24},"end":{"line":8,"column":28}},"loc":{"start":{"line":8,"column":31},"end":{"line":65,"column":1}},"line":8}},"branchMap":{},"s":{"0":1},"f":{"0":1},"b":{},"_coverageSchema":"1a1c01bbd47fc00a2c39e90264f33305004495a9","hash":"f19f90b90479fa623490d2c004cbd857f4b69bd1"}
,"/Users/rosnovsky/code/30 Rosnovsky/31 Rosnovsky.us/rosnovsky.us/pages/api/subscribers.ts": {"path":"/Users/rosnovsky/code/30 Rosnovsky/31 Rosnovsky.us/rosnovsky.us/pages/api/subscribers.ts","statementMap":{"0":{"start":{"line":1,"column":21},"end":{"line":19,"column":1}},"1":{"start":{"line":2,"column":18},"end":{"line":2,"column":48}},"2":{"start":{"line":3,"column":19},"end":{"line":9,"column":4}},"3":{"start":{"line":11,"column":20},"end":{"line":11,"column":41}},"4":{"start":{"line":13,"column":2},"end":{"line":16,"column":4}},"5":{"start":{"line":18,"column":2},"end":{"line":18,"column":41}}},"fnMap":{"0":{"name":"(anonymous_0)","decl":{"start":{"line":1,"column":21},"end":{"line":1,"column":22}},"loc":{"start":{"line":1,"column":39},"end":{"line":19,"column":1}},"line":1}},"branchMap":{},"s":{"0":1,"1":1,"2":1,"3":1,"4":1,"5":1},"f":{"0":1},"b":{},"_coverageSchema":"1a1c01bbd47fc00a2c39e90264f33305004495a9","hash":"ed662ceeb238cf7eb085b11bb9df5f9e8a4322cc"}
}
