{"/Users/rosnovsky/code/rosnovsky.us/components/ExternalLink.tsx": {"path":"/Users/rosnovsky/code/rosnovsky.us/components/ExternalLink.tsx","statementMap":{"0":{"start":{"line":3,"column":21},"end":{"line":13,"column":1}},"1":{"start":{"line":4,"column":2},"end":{"line":12,"column":6}}},"fnMap":{"0":{"name":"(anonymous_0)","decl":{"start":{"line":3,"column":21},"end":{"line":3,"column":22}},"loc":{"start":{"line":4,"column":2},"end":{"line":12,"column":6}},"line":4}},"branchMap":{},"s":{"0":1,"1":6},"f":{"0":6},"b":{},"_coverageSchema":"1a1c01bbd47fc00a2c39e90264f33305004495a9","hash":"a0426c857187cc8863e428cca1e8cfd52a88f621"}
,"/Users/rosnovsky/code/rosnovsky.us/components/Footer.tsx": {"path":"/Users/rosnovsky/code/rosnovsky.us/components/Footer.tsx","statementMap":{"0":{"start":{"line":9,"column":2},"end":{"line":45,"column":4}}},"fnMap":{"0":{"name":"Footer","decl":{"start":{"line":8,"column":24},"end":{"line":8,"column":30}},"loc":{"start":{"line":8,"column":33},"end":{"line":46,"column":1}},"line":8}},"branchMap":{},"s":{"0":3},"f":{"0":3},"b":{},"_coverageSchema":"1a1c01bbd47fc00a2c39e90264f33305004495a9","hash":"cbfab714773e5f5ef4b1148be26f3331ea65b6f9"}
,"/Users/rosnovsky/code/rosnovsky.us/components/Navigation.tsx": {"path":"/Users/rosnovsky/code/rosnovsky.us/components/Navigation.tsx","statementMap":{"0":{"start":{"line":6,"column":19},"end":{"line":77,"column":1}},"1":{"start":{"line":7,"column":32},"end":{"line":7,"column":47}},"2":{"start":{"line":8,"column":48},"end":{"line":8,"column":58}},"3":{"start":{"line":9,"column":19},"end":{"line":9,"column":28}},"4":{"start":{"line":12,"column":2},"end":{"line":12,"column":44}},"5":{"start":{"line":12,"column":20},"end":{"line":12,"column":36}},"6":{"start":{"line":14,"column":2},"end":{"line":76,"column":9}},"7":{"start":{"line":25,"column":8},"end":{"line":25,"column":62}},"8":{"start":{"line":25,"column":63},"end":{"line":28,"column":9}}},"fnMap":{"0":{"name":"(anonymous_0)","decl":{"start":{"line":6,"column":19},"end":{"line":6,"column":20}},"loc":{"start":{"line":6,"column":25},"end":{"line":77,"column":1}},"line":6},"1":{"name":"(anonymous_1)","decl":{"start":{"line":12,"column":12},"end":{"line":12,"column":13}},"loc":{"start":{"line":12,"column":18},"end":{"line":12,"column":38}},"line":12},"2":{"name":"(anonymous_2)","decl":{"start":{"line":24,"column":15},"end":{"line":24,"column":16}},"loc":{"start":{"line":24,"column":21},"end":{"line":29,"column":7}},"line":24}},"branchMap":{"0":{"loc":{"start":{"line":8,"column":10},"end":{"line":8,"column":33}},"type":"default-arg","locations":[{"start":{"line":8,"column":26},"end":{"line":8,"column":33}}],"line":8},"1":{"loc":{"start":{"line":21,"column":19},"end":{"line":21,"column":62}},"type":"cond-expr","locations":[{"start":{"line":21,"column":46},"end":{"line":21,"column":52}},{"start":{"line":21,"column":55},"end":{"line":21,"column":62}}],"line":21},"2":{"loc":{"start":{"line":25,"column":17},"end":{"line":25,"column":60}},"type":"cond-expr","locations":[{"start":{"line":25,"column":44},"end":{"line":25,"column":51}},{"start":{"line":25,"column":54},"end":{"line":25,"column":60}}],"line":25},"3":{"loc":{"start":{"line":27,"column":31},"end":{"line":27,"column":74}},"type":"cond-expr","locations":[{"start":{"line":27,"column":58},"end":{"line":27,"column":65}},{"start":{"line":27,"column":68},"end":{"line":27,"column":74}}],"line":27},"4":{"loc":{"start":{"line":31,"column":7},"end":{"line":57,"column":7}},"type":"binary-expr","locations":[{"start":{"line":31,"column":7},"end":{"line":31,"column":14}},{"start":{"line":32,"column":8},"end":{"line":56,"column":14}}],"line":31},"5":{"loc":{"start":{"line":39,"column":11},"end":{"line":55,"column":11}},"type":"cond-expr","locations":[{"start":{"line":40,"column":12},"end":{"line":46,"column":14}},{"start":{"line":48,"column":12},"end":{"line":54,"column":14}}],"line":39},"6":{"loc":{"start":{"line":74,"column":7},"end":{"line":74,"column":265}},"type":"cond-expr","locations":[{"start":{"line":74,"column":14},"end":{"line":74,"column":138}},{"start":{"line":74,"column":141},"end":{"line":74,"column":265}}],"line":74}},"s":{"0":1,"1":8,"2":8,"3":8,"4":8,"5":2,"6":8,"7":1,"8":1},"f":{"0":8,"1":2,"2":1},"b":{"0":[8],"1":[0,8],"2":[0,1],"3":[0,1],"4":[8,6],"5":[0,6],"6":[0,8]},"_coverageSchema":"1a1c01bbd47fc00a2c39e90264f33305004495a9","hash":"1cf79e5c72b7c9235979eb2bc0e2115159a992d9"}
,"/Users/rosnovsky/code/rosnovsky.us/components/StatusIndicator.tsx": {"path":"/Users/rosnovsky/code/rosnovsky.us/components/StatusIndicator.tsx","statementMap":{"0":{"start":{"line":4,"column":16},"end":{"line":4,"column":79}},"1":{"start":{"line":4,"column":39},"end":{"line":4,"column":79}},"2":{"start":{"line":4,"column":68},"end":{"line":4,"column":78}},"3":{"start":{"line":6,"column":12},"end":{"line":6,"column":95}},"4":{"start":{"line":8,"column":24},"end":{"line":24,"column":1}},"5":{"start":{"line":9,"column":26},"end":{"line":9,"column":46}},"6":{"start":{"line":11,"column":2},"end":{"line":11,"column":45}},"7":{"start":{"line":11,"column":13},"end":{"line":11,"column":45}},"8":{"start":{"line":12,"column":2},"end":{"line":12,"column":48}},"9":{"start":{"line":12,"column":13},"end":{"line":12,"column":48}},"10":{"start":{"line":14,"column":2},"end":{"line":23,"column":3}}},"fnMap":{"0":{"name":"(anonymous_0)","decl":{"start":{"line":4,"column":16},"end":{"line":4,"column":17}},"loc":{"start":{"line":4,"column":39},"end":{"line":4,"column":79}},"line":4},"1":{"name":"(anonymous_1)","decl":{"start":{"line":4,"column":61},"end":{"line":4,"column":62}},"loc":{"start":{"line":4,"column":68},"end":{"line":4,"column":78}},"line":4},"2":{"name":"(anonymous_2)","decl":{"start":{"line":8,"column":24},"end":{"line":8,"column":25}},"loc":{"start":{"line":8,"column":30},"end":{"line":24,"column":1}},"line":8}},"branchMap":{"0":{"loc":{"start":{"line":6,"column":12},"end":{"line":6,"column":95}},"type":"cond-expr","locations":[{"start":{"line":6,"column":46},"end":{"line":6,"column":79}},{"start":{"line":6,"column":82},"end":{"line":6,"column":95}}],"line":6},"1":{"loc":{"start":{"line":11,"column":2},"end":{"line":11,"column":45}},"type":"if","locations":[{"start":{"line":11,"column":2},"end":{"line":11,"column":45}},{"start":{},"end":{}}],"line":11},"2":{"loc":{"start":{"line":12,"column":2},"end":{"line":12,"column":48}},"type":"if","locations":[{"start":{"line":12,"column":2},"end":{"line":12,"column":48}},{"start":{},"end":{}}],"line":12},"3":{"loc":{"start":{"line":17,"column":42},"end":{"line":17,"column":105}},"type":"cond-expr","locations":[{"start":{"line":17,"column":59},"end":{"line":17,"column":64}},{"start":{"line":17,"column":67},"end":{"line":17,"column":105}}],"line":17},"4":{"loc":{"start":{"line":17,"column":42},"end":{"line":17,"column":56}},"type":"binary-expr","locations":[{"start":{"line":17,"column":42},"end":{"line":17,"column":47}},{"start":{"line":17,"column":51},"end":{"line":17,"column":56}}],"line":17},"5":{"loc":{"start":{"line":17,"column":67},"end":{"line":17,"column":105}},"type":"cond-expr","locations":[{"start":{"line":17,"column":90},"end":{"line":17,"column":97}},{"start":{"line":17,"column":100},"end":{"line":17,"column":105}}],"line":17},"6":{"loc":{"start":{"line":20,"column":56},"end":{"line":20,"column":133}},"type":"cond-expr","locations":[{"start":{"line":20,"column":64},"end":{"line":20,"column":76}},{"start":{"line":20,"column":79},"end":{"line":20,"column":133}}],"line":20},"7":{"loc":{"start":{"line":20,"column":79},"end":{"line":20,"column":133}},"type":"cond-expr","locations":[{"start":{"line":20,"column":87},"end":{"line":20,"column":94}},{"start":{"line":20,"column":97},"end":{"line":20,"column":133}}],"line":20},"8":{"loc":{"start":{"line":20,"column":97},"end":{"line":20,"column":133}},"type":"cond-expr","locations":[{"start":{"line":20,"column":120},"end":{"line":20,"column":124}},{"start":{"line":20,"column":127},"end":{"line":20,"column":133}}],"line":20}},"s":{"0":1,"1":1,"2":1,"3":1,"4":1,"5":3,"6":3,"7":0,"8":3,"9":1,"10":2},"f":{"0":1,"1":1,"2":3},"b":{"0":[1,0],"1":[0,3],"2":[1,2],"3":[0,2],"4":[2,2],"5":[2,0],"6":[0,2],"7":[0,2],"8":[2,0]},"_coverageSchema":"1a1c01bbd47fc00a2c39e90264f33305004495a9","hash":"4c4ba15f25f4d7254f36f9ad70da90fd1dd62d96"}
,"/Users/rosnovsky/code/rosnovsky.us/components/TopTracks.tsx": {"path":"/Users/rosnovsky/code/rosnovsky.us/components/TopTracks.tsx","statementMap":{"0":{"start":{"line":8,"column":16},"end":{"line":8,"column":79}},"1":{"start":{"line":8,"column":39},"end":{"line":8,"column":79}},"2":{"start":{"line":8,"column":68},"end":{"line":8,"column":78}},"3":{"start":{"line":10,"column":12},"end":{"line":10,"column":103}},"4":{"start":{"line":13,"column":26},"end":{"line":13,"column":46}},"5":{"start":{"line":15,"column":2},"end":{"line":15,"column":48}},"6":{"start":{"line":15,"column":13},"end":{"line":15,"column":48}},"7":{"start":{"line":16,"column":2},"end":{"line":16,"column":78}},"8":{"start":{"line":16,"column":13},"end":{"line":16,"column":78}},"9":{"start":{"line":18,"column":2},"end":{"line":20,"column":230}},"10":{"start":{"line":19,"column":4},"end":{"line":19,"column":116}}},"fnMap":{"0":{"name":"(anonymous_0)","decl":{"start":{"line":8,"column":16},"end":{"line":8,"column":17}},"loc":{"start":{"line":8,"column":39},"end":{"line":8,"column":79}},"line":8},"1":{"name":"(anonymous_1)","decl":{"start":{"line":8,"column":61},"end":{"line":8,"column":62}},"loc":{"start":{"line":8,"column":68},"end":{"line":8,"column":78}},"line":8},"2":{"name":"TopTracks","decl":{"start":{"line":12,"column":24},"end":{"line":12,"column":33}},"loc":{"start":{"line":12,"column":36},"end":{"line":21,"column":1}},"line":12},"3":{"name":"(anonymous_3)","decl":{"start":{"line":18,"column":49},"end":{"line":18,"column":50}},"loc":{"start":{"line":19,"column":4},"end":{"line":19,"column":116}},"line":19}},"branchMap":{"0":{"loc":{"start":{"line":10,"column":12},"end":{"line":10,"column":103}},"type":"cond-expr","locations":[{"start":{"line":10,"column":46},"end":{"line":10,"column":83}},{"start":{"line":10,"column":86},"end":{"line":10,"column":103}}],"line":10},"1":{"loc":{"start":{"line":15,"column":2},"end":{"line":15,"column":48}},"type":"if","locations":[{"start":{"line":15,"column":2},"end":{"line":15,"column":48}},{"start":{},"end":{}}],"line":15},"2":{"loc":{"start":{"line":16,"column":2},"end":{"line":16,"column":78}},"type":"if","locations":[{"start":{"line":16,"column":2},"end":{"line":16,"column":78}},{"start":{},"end":{}}],"line":16}},"s":{"0":1,"1":1,"2":1,"3":1,"4":3,"5":3,"6":1,"7":2,"8":0,"9":2,"10":4},"f":{"0":1,"1":1,"2":3,"3":4},"b":{"0":[1,0],"1":[1,2],"2":[0,2]},"_coverageSchema":"1a1c01bbd47fc00a2c39e90264f33305004495a9","hash":"fa801abdea6ac854c4b68aa7dd18029e26a523c9"}
,"/Users/rosnovsky/code/rosnovsky.us/components/Track.tsx": {"path":"/Users/rosnovsky/code/rosnovsky.us/components/Track.tsx","statementMap":{"0":{"start":{"line":5,"column":2},"end":{"line":27,"column":4}}},"fnMap":{"0":{"name":"Track","decl":{"start":{"line":4,"column":24},"end":{"line":4,"column":29}},"loc":{"start":{"line":4,"column":39},"end":{"line":28,"column":1}},"line":4}},"branchMap":{},"s":{"0":5},"f":{"0":5},"b":{},"_coverageSchema":"1a1c01bbd47fc00a2c39e90264f33305004495a9","hash":"0a84949ac0f2f6d17ba649d3004d24d5230b05d1"}
,"/Users/rosnovsky/code/rosnovsky.us/components/Blog/BlogPost.tsx": {"path":"/Users/rosnovsky/code/rosnovsky.us/components/Blog/BlogPost.tsx","statementMap":{"0":{"start":{"line":3,"column":17},"end":{"line":27,"column":1}},"1":{"start":{"line":15,"column":2},"end":{"line":26,"column":10}}},"fnMap":{"0":{"name":"(anonymous_0)","decl":{"start":{"line":3,"column":17},"end":{"line":3,"column":18}},"loc":{"start":{"line":13,"column":6},"end":{"line":27,"column":1}},"line":13}},"branchMap":{},"s":{"0":1,"1":1},"f":{"0":1},"b":{},"_coverageSchema":"1a1c01bbd47fc00a2c39e90264f33305004495a9","hash":"7cde4df68b8822b0812fb383f203ade57e084407"}
,"/Users/rosnovsky/code/rosnovsky.us/components/Utils/MDXComponents.tsx": {"path":"/Users/rosnovsky/code/rosnovsky.us/components/Utils/MDXComponents.tsx","statementMap":{"0":{"start":{"line":5,"column":12},"end":{"line":5,"column":43}},"1":{"start":{"line":5,"column":26},"end":{"line":5,"column":42}},"2":{"start":{"line":13,"column":23},"end":{"line":25,"column":7}},"3":{"start":{"line":13,"column":57},"end":{"line":25,"column":7}},"4":{"start":{"line":27,"column":24},"end":{"line":30,"column":22}},"5":{"start":{"line":28,"column":2},"end":{"line":30,"column":22}},"6":{"start":{"line":32,"column":19},"end":{"line":45,"column":1}},"7":{"start":{"line":33,"column":15},"end":{"line":33,"column":25}},"8":{"start":{"line":34,"column":25},"end":{"line":34,"column":79}},"9":{"start":{"line":36,"column":2},"end":{"line":42,"column":3}},"10":{"start":{"line":37,"column":4},"end":{"line":41,"column":6}},"11":{"start":{"line":44,"column":2},"end":{"line":44,"column":68}},"12":{"start":{"line":47,"column":21},"end":{"line":81,"column":1}},"13":{"start":{"line":48,"column":24},"end":{"line":48,"column":76}},"14":{"start":{"line":50,"column":2},"end":{"line":67,"column":8}},"15":{"start":{"line":51,"column":21},"end":{"line":64,"column":5}},"16":{"start":{"line":52,"column":6},"end":{"line":54,"column":7}},"17":{"start":{"line":53,"column":8},"end":{"line":53,"column":14}},"18":{"start":{"line":55,"column":6},"end":{"line":63,"column":7}},"19":{"start":{"line":56,"column":21},"end":{"line":56,"column":216}},"20":{"start":{"line":56,"column":109},"end":{"line":56,"column":122}},"21":{"start":{"line":56,"column":173},"end":{"line":56,"column":214}},"22":{"start":{"line":57,"column":8},"end":{"line":57,"column":20}},"23":{"start":{"line":58,"column":8},"end":{"line":58,"column":14}},"24":{"start":{"line":61,"column":8},"end":{"line":61,"column":58}},"25":{"start":{"line":62,"column":8},"end":{"line":62,"column":14}},"26":{"start":{"line":65,"column":4},"end":{"line":65,"column":14}},"27":{"start":{"line":69,"column":2},"end":{"line":80,"column":8}},"28":{"start":{"line":83,"column":14},"end":{"line":149,"column":1}},"29":{"start":{"line":84,"column":19},"end":{"line":84,"column":31}},"30":{"start":{"line":85,"column":14},"end":{"line":85,"column":57}},"31":{"start":{"line":86,"column":17},"end":{"line":86,"column":91}},"32":{"start":{"line":88,"column":2},"end":{"line":130,"column":21}},"33":{"start":{"line":89,"column":18},"end":{"line":89,"column":34}},"34":{"start":{"line":90,"column":21},"end":{"line":90,"column":31}},"35":{"start":{"line":91,"column":4},"end":{"line":91,"column":22}},"36":{"start":{"line":91,"column":16},"end":{"line":91,"column":22}},"37":{"start":{"line":93,"column":4},"end":{"line":93,"column":25}},"38":{"start":{"line":96,"column":4},"end":{"line":108,"column":5}},"39":{"start":{"line":98,"column":6},"end":{"line":98,"column":21}},"40":{"start":{"line":99,"column":11},"end":{"line":108,"column":5}},"41":{"start":{"line":101,"column":6},"end":{"line":101,"column":21}},"42":{"start":{"line":102,"column":6},"end":{"line":102,"column":25}},"43":{"start":{"line":103,"column":6},"end":{"line":103,"column":28}},"44":{"start":{"line":105,"column":6},"end":{"line":107,"column":7}},"45":{"start":{"line":110,"column":4},"end":{"line":123,"column":7}},"46":{"start":{"line":125,"column":4},"end":{"line":129,"column":5}},"47":{"start":{"line":126,"column":6},"end":{"line":128,"column":7}},"48":{"start":{"line":127,"column":8},"end":{"line":127,"column":21}},"49":{"start":{"line":132,"column":2},"end":{"line":148,"column":4}},"50":{"start":{"line":152,"column":22},"end":{"line":160,"column":1}}},"fnMap":{"0":{"name":"(anonymous_0)","decl":{"start":{"line":5,"column":20},"end":{"line":5,"column":21}},"loc":{"start":{"line":5,"column":26},"end":{"line":5,"column":42}},"line":5},"1":{"name":"(anonymous_1)","decl":{"start":{"line":13,"column":23},"end":{"line":13,"column":24}},"loc":{"start":{"line":13,"column":57},"end":{"line":25,"column":7}},"line":13},"2":{"name":"(anonymous_2)","decl":{"start":{"line":27,"column":24},"end":{"line":27,"column":25}},"loc":{"start":{"line":28,"column":2},"end":{"line":30,"column":22}},"line":28},"3":{"name":"(anonymous_3)","decl":{"start":{"line":32,"column":19},"end":{"line":32,"column":20}},"loc":{"start":{"line":32,"column":30},"end":{"line":45,"column":1}},"line":32},"4":{"name":"(anonymous_4)","decl":{"start":{"line":47,"column":21},"end":{"line":47,"column":22}},"loc":{"start":{"line":47,"column":128},"end":{"line":81,"column":1}},"line":47},"5":{"name":"(anonymous_5)","decl":{"start":{"line":50,"column":12},"end":{"line":50,"column":13}},"loc":{"start":{"line":50,"column":18},"end":{"line":67,"column":3}},"line":50},"6":{"name":"(anonymous_6)","decl":{"start":{"line":51,"column":21},"end":{"line":51,"column":22}},"loc":{"start":{"line":51,"column":33},"end":{"line":64,"column":5}},"line":51},"7":{"name":"(anonymous_7)","decl":{"start":{"line":56,"column":99},"end":{"line":56,"column":100}},"loc":{"start":{"line":56,"column":109},"end":{"line":56,"column":122}},"line":56},"8":{"name":"(anonymous_8)","decl":{"start":{"line":56,"column":129},"end":{"line":56,"column":130}},"loc":{"start":{"line":56,"column":173},"end":{"line":56,"column":214}},"line":56},"9":{"name":"(anonymous_9)","decl":{"start":{"line":83,"column":14},"end":{"line":83,"column":15}},"loc":{"start":{"line":83,"column":34},"end":{"line":149,"column":1}},"line":83},"10":{"name":"(anonymous_10)","decl":{"start":{"line":88,"column":12},"end":{"line":88,"column":13}},"loc":{"start":{"line":88,"column":18},"end":{"line":130,"column":3}},"line":88},"11":{"name":"(anonymous_11)","decl":{"start":{"line":125,"column":11},"end":{"line":125,"column":12}},"loc":{"start":{"line":125,"column":17},"end":{"line":129,"column":5}},"line":125}},"branchMap":{"0":{"loc":{"start":{"line":28,"column":2},"end":{"line":30,"column":22}},"type":"cond-expr","locations":[{"start":{"line":29,"column":6},"end":{"line":29,"column":41}},{"start":{"line":30,"column":6},"end":{"line":30,"column":22}}],"line":28},"1":{"loc":{"start":{"line":34,"column":25},"end":{"line":34,"column":79}},"type":"binary-expr","locations":[{"start":{"line":34,"column":25},"end":{"line":34,"column":29}},{"start":{"line":34,"column":34},"end":{"line":34,"column":54}},{"start":{"line":34,"column":58},"end":{"line":34,"column":78}}],"line":34},"2":{"loc":{"start":{"line":36,"column":2},"end":{"line":42,"column":3}},"type":"if","locations":[{"start":{"line":36,"column":2},"end":{"line":42,"column":3}},{"start":{},"end":{}}],"line":36},"3":{"loc":{"start":{"line":52,"column":6},"end":{"line":54,"column":7}},"type":"if","locations":[{"start":{"line":52,"column":6},"end":{"line":54,"column":7}},{"start":{},"end":{}}],"line":52},"4":{"loc":{"start":{"line":74,"column":19},"end":{"line":74,"column":137}},"type":"cond-expr","locations":[{"start":{"line":74,"column":53},"end":{"line":74,"column":130}},{"start":{"line":74,"column":133},"end":{"line":74,"column":137}}],"line":74},"5":{"loc":{"start":{"line":79,"column":7},"end":{"line":79,"column":137}},"type":"cond-expr","locations":[{"start":{"line":79,"column":17},"end":{"line":79,"column":130}},{"start":{"line":79,"column":133},"end":{"line":79,"column":137}}],"line":79},"6":{"loc":{"start":{"line":91,"column":4},"end":{"line":91,"column":22}},"type":"if","locations":[{"start":{"line":91,"column":4},"end":{"line":91,"column":22}},{"start":{},"end":{}}],"line":91},"7":{"loc":{"start":{"line":96,"column":4},"end":{"line":108,"column":5}},"type":"if","locations":[{"start":{"line":96,"column":4},"end":{"line":108,"column":5}},{"start":{"line":99,"column":11},"end":{"line":108,"column":5}}],"line":96},"8":{"loc":{"start":{"line":99,"column":11},"end":{"line":108,"column":5}},"type":"if","locations":[{"start":{"line":99,"column":11},"end":{"line":108,"column":5}},{"start":{"line":104,"column":11},"end":{"line":108,"column":5}}],"line":99},"9":{"loc":{"start":{"line":126,"column":6},"end":{"line":128,"column":7}},"type":"if","locations":[{"start":{"line":126,"column":6},"end":{"line":128,"column":7}},{"start":{},"end":{}}],"line":126}},"s":{"0":3,"1":0,"2":3,"3":5,"4":3,"5":5,"6":3,"7":0,"8":0,"9":0,"10":0,"11":0,"12":3,"13":0,"14":0,"15":0,"16":0,"17":0,"18":0,"19":0,"20":0,"21":0,"22":0,"23":0,"24":0,"25":0,"26":0,"27":0,"28":3,"29":0,"30":0,"31":0,"32":0,"33":0,"34":0,"35":0,"36":0,"37":0,"38":0,"39":0,"40":0,"41":0,"42":0,"43":0,"44":0,"45":0,"46":0,"47":0,"48":0,"49":0,"50":3},"f":{"0":0,"1":5,"2":5,"3":0,"4":0,"5":0,"6":0,"7":0,"8":0,"9":0,"10":0,"11":0},"b":{"0":[0,5],"1":[0,0,0],"2":[0,0],"3":[0,0],"4":[0,0],"5":[0,0],"6":[0,0],"7":[0,0],"8":[0,0],"9":[0,0]},"_coverageSchema":"1a1c01bbd47fc00a2c39e90264f33305004495a9","hash":"74d39ba6fb1b9bdcd650129e493773f33e013b28"}
,"/Users/rosnovsky/code/rosnovsky.us/components/Utils/NowPlaying.tsx": {"path":"/Users/rosnovsky/code/rosnovsky.us/components/Utils/NowPlaying.tsx","statementMap":{"0":{"start":{"line":6,"column":16},"end":{"line":6,"column":79}},"1":{"start":{"line":6,"column":39},"end":{"line":6,"column":79}},"2":{"start":{"line":6,"column":68},"end":{"line":6,"column":78}},"3":{"start":{"line":9,"column":12},"end":{"line":9,"column":105}},"4":{"start":{"line":12,"column":26},"end":{"line":12,"column":46}},"5":{"start":{"line":14,"column":2},"end":{"line":14,"column":47}},"6":{"start":{"line":14,"column":13},"end":{"line":14,"column":47}},"7":{"start":{"line":15,"column":2},"end":{"line":15,"column":64}},"8":{"start":{"line":15,"column":13},"end":{"line":15,"column":64}},"9":{"start":{"line":17,"column":2},"end":{"line":40,"column":4}}},"fnMap":{"0":{"name":"(anonymous_0)","decl":{"start":{"line":6,"column":16},"end":{"line":6,"column":17}},"loc":{"start":{"line":6,"column":39},"end":{"line":6,"column":79}},"line":6},"1":{"name":"(anonymous_1)","decl":{"start":{"line":6,"column":61},"end":{"line":6,"column":62}},"loc":{"start":{"line":6,"column":68},"end":{"line":6,"column":78}},"line":6},"2":{"name":"NowPlaying","decl":{"start":{"line":11,"column":24},"end":{"line":11,"column":34}},"loc":{"start":{"line":11,"column":37},"end":{"line":41,"column":1}},"line":11}},"branchMap":{"0":{"loc":{"start":{"line":9,"column":12},"end":{"line":9,"column":105}},"type":"cond-expr","locations":[{"start":{"line":9,"column":46},"end":{"line":9,"column":84}},{"start":{"line":9,"column":87},"end":{"line":9,"column":105}}],"line":9},"1":{"loc":{"start":{"line":14,"column":2},"end":{"line":14,"column":47}},"type":"if","locations":[{"start":{"line":14,"column":2},"end":{"line":14,"column":47}},{"start":{},"end":{}}],"line":14},"2":{"loc":{"start":{"line":15,"column":2},"end":{"line":15,"column":64}},"type":"if","locations":[{"start":{"line":15,"column":2},"end":{"line":15,"column":64}},{"start":{},"end":{}}],"line":15},"3":{"loc":{"start":{"line":35,"column":9},"end":{"line":35,"column":58}},"type":"cond-expr","locations":[{"start":{"line":35,"column":17},"end":{"line":35,"column":33}},{"start":{"line":35,"column":36},"end":{"line":35,"column":58}}],"line":35}},"s":{"0":1,"1":2,"2":0,"3":1,"4":5,"5":4,"6":4,"7":0,"8":0,"9":0},"f":{"0":2,"1":0,"2":5},"b":{"0":[0,1],"1":[4,0],"2":[0,0],"3":[0,0]},"_coverageSchema":"1a1c01bbd47fc00a2c39e90264f33305004495a9","hash":"3305d2776a7a0c3c74ef222d9d905df2c25b7df2"}
}
