TN:
SF:components/ExternalLink.tsx
FN:3,(anonymous_0)
FNF:1
FNH:1
FNDA:6,(anonymous_0)
DA:3,1
DA:4,6
LF:2
LH:2
BRF:0
BRH:0
end_of_record
TN:
SF:components/Footer.tsx
FN:8,Footer
FNF:1
FNH:1
FNDA:3,Footer
DA:9,3
LF:1
LH:1
BRF:0
BRH:0
end_of_record
TN:
SF:components/Navigation.tsx
FN:6,(anonymous_0)
FN:12,(anonymous_1)
FN:24,(anonymous_2)
FNF:3
FNH:3
FNDA:8,(anonymous_0)
FNDA:2,(anonymous_1)
FNDA:1,(anonymous_2)
DA:6,1
DA:7,8
DA:8,8
DA:9,8
DA:12,8
DA:14,8
DA:25,1
LF:7
LH:7
BRDA:8,0,0,8
BRDA:21,1,0,0
BRDA:21,1,1,8
BRDA:25,2,0,0
BRDA:25,2,1,1
BRDA:27,3,0,0
BRDA:27,3,1,1
BRDA:31,4,0,8
BRDA:31,4,1,6
BRDA:39,5,0,0
BRDA:39,5,1,6
BRDA:74,6,0,0
BRDA:74,6,1,8
BRF:13
BRH:8
end_of_record
TN:
SF:components/StatusIndicator.tsx
FN:4,(anonymous_0)
FN:4,(anonymous_1)
FN:8,(anonymous_2)
FNF:3
FNH:3
FNDA:1,(anonymous_0)
FNDA:1,(anonymous_1)
FNDA:3,(anonymous_2)
DA:4,1
DA:6,1
DA:8,1
DA:9,3
DA:11,3
DA:12,3
DA:14,2
LF:7
LH:7
BRDA:6,0,0,1
BRDA:6,0,1,0
BRDA:11,1,0,0
BRDA:11,1,1,3
BRDA:12,2,0,1
BRDA:12,2,1,2
BRDA:17,3,0,0
BRDA:17,3,1,2
BRDA:17,4,0,2
BRDA:17,4,1,2
BRDA:17,5,0,2
BRDA:17,5,1,0
BRDA:20,6,0,0
BRDA:20,6,1,2
BRDA:20,7,0,0
BRDA:20,7,1,2
BRDA:20,8,0,2
BRDA:20,8,1,0
BRF:18
BRH:11
end_of_record
TN:
SF:components/TopTracks.tsx
FN:8,(anonymous_0)
FN:8,(anonymous_1)
FN:12,TopTracks
FN:18,(anonymous_3)
FNF:4
FNH:4
FNDA:1,(anonymous_0)
FNDA:1,(anonymous_1)
FNDA:3,TopTracks
FNDA:4,(anonymous_3)
DA:8,1
DA:10,1
DA:13,3
DA:15,3
DA:16,2
DA:18,2
DA:19,4
LF:7
LH:7
BRDA:10,0,0,1
BRDA:10,0,1,0
BRDA:15,1,0,1
BRDA:15,1,1,2
BRDA:16,2,0,0
BRDA:16,2,1,2
BRF:6
BRH:4
end_of_record
TN:
SF:components/Track.tsx
FN:4,Track
FNF:1
FNH:1
FNDA:5,Track
DA:5,5
LF:1
LH:1
BRF:0
BRH:0
end_of_record
TN:
SF:components/Blog/BlogPost.tsx
FN:3,(anonymous_0)
FNF:1
FNH:1
FNDA:1,(anonymous_0)
DA:3,1
DA:15,1
LF:2
LH:2
BRF:0
BRH:0
end_of_record
TN:
SF:components/Utils/MDXComponents.tsx
FN:5,(anonymous_0)
FN:13,(anonymous_1)
FN:27,(anonymous_2)
FN:32,(anonymous_3)
FN:47,(anonymous_4)
FN:50,(anonymous_5)
FN:51,(anonymous_6)
FN:56,(anonymous_7)
FN:56,(anonymous_8)
FN:83,(anonymous_9)
FN:88,(anonymous_10)
FN:125,(anonymous_11)
FNF:12
FNH:2
FNDA:0,(anonymous_0)
FNDA:5,(anonymous_1)
FNDA:5,(anonymous_2)
FNDA:0,(anonymous_3)
FNDA:0,(anonymous_4)
FNDA:0,(anonymous_5)
FNDA:0,(anonymous_6)
FNDA:0,(anonymous_7)
FNDA:0,(anonymous_8)
FNDA:0,(anonymous_9)
FNDA:0,(anonymous_10)
FNDA:0,(anonymous_11)
DA:5,3
DA:13,5
DA:27,3
DA:28,5
DA:32,3
DA:33,0
DA:34,0
DA:36,0
DA:37,0
DA:44,0
DA:47,3
DA:48,0
DA:50,0
DA:51,0
DA:52,0
DA:53,0
DA:55,0
DA:56,0
DA:57,0
DA:58,0
DA:61,0
DA:62,0
DA:65,0
DA:69,0
DA:83,3
DA:84,0
DA:85,0
DA:86,0
DA:88,0
DA:89,0
DA:90,0
DA:91,0
DA:93,0
DA:96,0
DA:98,0
DA:99,0
DA:101,0
DA:102,0
DA:103,0
DA:105,0
DA:110,0
DA:125,0
DA:126,0
DA:127,0
DA:132,0
DA:152,3
LF:46
LH:8
BRDA:28,0,0,0
BRDA:28,0,1,5
BRDA:34,1,0,0
BRDA:34,1,1,0
BRDA:34,1,2,0
BRDA:36,2,0,0
BRDA:36,2,1,0
BRDA:52,3,0,0
BRDA:52,3,1,0
BRDA:74,4,0,0
BRDA:74,4,1,0
BRDA:79,5,0,0
BRDA:79,5,1,0
BRDA:91,6,0,0
BRDA:91,6,1,0
BRDA:96,7,0,0
BRDA:96,7,1,0
BRDA:99,8,0,0
BRDA:99,8,1,0
BRDA:126,9,0,0
BRDA:126,9,1,0
BRF:21
BRH:1
end_of_record
TN:
SF:components/Utils/NowPlaying.tsx
FN:6,(anonymous_0)
FN:6,(anonymous_1)
FN:11,NowPlaying
FNF:3
FNH:2
FNDA:2,(anonymous_0)
FNDA:0,(anonymous_1)
FNDA:5,NowPlaying
DA:6,2
DA:9,1
DA:12,5
DA:14,4
DA:15,0
DA:17,0
LF:6
LH:4
BRDA:9,0,0,0
BRDA:9,0,1,1
BRDA:14,1,0,4
BRDA:14,1,1,0
BRDA:15,2,0,0
BRDA:15,2,1,0
BRDA:35,3,0,0
BRDA:35,3,1,0
BRF:8
BRH:2
end_of_record
