TN:
SF:components/Container.tsx
FN:10,Container
FN:17,(anonymous_1)
FN:66,(anonymous_2)
FNF:3
FNH:2
FNDA:4,Container
FNDA:1,(anonymous_1)
FNDA:0,(anonymous_2)
DA:11,4
DA:12,4
DA:13,4
DA:17,4
DA:19,4
DA:20,4
DA:21,4
DA:30,4
DA:66,0
LF:9
LH:8
BRDA:54,0,0,4
BRDA:54,0,1,0
BRDA:66,1,0,0
BRDA:66,1,1,0
BRDA:68,2,0,4
BRDA:68,2,1,3
BRDA:76,3,0,0
BRDA:76,3,1,3
BRDA:110,4,0,0
BRDA:110,4,1,4
BRF:10
BRH:5
end_of_record
TN:
SF:components/ErrorMessage.tsx
FN:1,ErrorMessage
FNF:1
FNH:0
FNDA:0,ErrorMessage
DA:2,0
LF:1
LH:0
BRF:0
BRH:0
end_of_record
TN:
SF:components/Footer.tsx
FN:5,(anonymous_0)
FN:16,Footer
FNF:2
FNH:2
FNDA:8,(anonymous_0)
FNDA:4,Footer
DA:5,1
DA:6,8
DA:17,4
LF:3
LH:3
BRF:0
BRH:0
end_of_record
TN:
SF:components/Blog/BlogPost.tsx
FN:3,(anonymous_0)
FNF:1
FNH:1
FNDA:4,(anonymous_0)
DA:3,1
DA:15,4
LF:2
LH:2
BRF:0
BRH:0
end_of_record
TN:
SF:components/Cards/ProjectCard.tsx
FN:3,(anonymous_0)
FN:12,ProjectCard
FN:17,(anonymous_2)
FNF:3
FNH:1
FNDA:0,(anonymous_0)
FNDA:2,ProjectCard
FNDA:0,(anonymous_2)
DA:3,1
DA:4,0
DA:9,0
DA:13,2
DA:17,0
LF:5
LH:2
BRDA:23,0,0,2
BRDA:23,0,1,0
BRDA:36,1,0,2
BRDA:36,1,1,0
BRDA:50,2,0,2
BRDA:50,2,1,0
BRF:6
BRH:3
end_of_record
TN:
SF:components/Cards/SubscribeCard.tsx
FN:11,SubscribeCard
FN:21,(anonymous_1)
FN:54,(anonymous_2)
FN:61,(anonymous_3)
FNF:4
FNH:3
FNDA:1,SubscribeCard
FNDA:0,(anonymous_1)
FNDA:1,(anonymous_2)
FNDA:1,(anonymous_3)
DA:12,1
DA:16,1
DA:17,1
DA:18,1
DA:19,1
DA:21,1
DA:22,0
DA:23,0
DA:25,0
DA:36,0
DA:37,0
DA:38,0
DA:42,0
DA:45,0
DA:47,0
DA:48,0
DA:54,1
DA:55,1
DA:56,0
DA:58,1
DA:61,1
DA:62,1
DA:63,0
DA:65,1
DA:66,0
DA:68,1
DA:74,1
LF:27
LH:14
BRDA:37,0,0,0
BRDA:37,0,1,0
BRDA:55,1,0,0
BRDA:55,1,1,1
BRDA:62,2,0,0
BRDA:62,2,1,1
BRDA:65,3,0,0
BRDA:65,3,1,1
BRDA:69,4,0,1
BRDA:69,4,1,1
BRDA:70,5,0,1
BRDA:70,5,1,1
BRF:12
BRH:7
end_of_record
TN:
SF:components/Utils/LoadingSpinner.tsx
FN:1,LoadingSpinner
FNF:1
FNH:0
FNDA:0,LoadingSpinner
DA:2,0
LF:1
LH:0
BRF:0
BRH:0
end_of_record
TN:
SF:components/Utils/NowPlaying.tsx
FN:5,NowPlaying
FNF:1
FNH:1
FNDA:4,NowPlaying
DA:6,4
DA:13,4
LF:2
LH:2
BRDA:23,0,0,0
BRDA:23,0,1,4
BRDA:48,1,0,4
BRDA:48,1,1,4
BRF:4
BRH:3
end_of_record
TN:
SF:components/Utils/SuccessMessage.tsx
FN:1,SuccessMessage
FNF:1
FNH:0
FNDA:0,SuccessMessage
DA:2,0
LF:1
LH:0
BRF:0
BRH:0
end_of_record
TN:
SF:lib/fetcher.ts
FN:1,Fetcher
FNF:1
FNH:1
FNDA:2,Fetcher
DA:3,2
DA:5,2
LF:2
LH:2
BRF:0
BRH:0
end_of_record
TN:
SF:pages/index.tsx
FN:8,Home
FNF:1
FNH:1
FNDA:1,Home
DA:9,1
LF:1
LH:1
BRF:0
BRH:0
end_of_record
TN:
SF:pages/api/subscribers.ts
FN:1,(anonymous_0)
FNF:1
FNH:1
FNDA:1,(anonymous_0)
DA:1,1
DA:2,1
DA:3,1
DA:11,1
DA:13,1
DA:18,1
LF:6
LH:6
BRF:0
BRH:0
end_of_record
